Log file open, 11/21/23 01:55:37
LogWindows: Failed to load 'aqProf.dll' (GetLastError=126)
LogWindows: File 'aqProf.dll' does not exist
LogWindows: Failed to load 'VtuneApi.dll' (GetLastError=126)
LogWindows: File 'VtuneApi.dll' does not exist
LogWindows: Failed to load 'VtuneApi32e.dll' (GetLastError=126)
LogWindows: File 'VtuneApi32e.dll' does not exist
LogConsoleResponse: Display: Failed to find resolution value strings in scalability ini. Falling back to default.
LogConsoleResponse: Display: Failed to find resolution value strings in scalability ini. Falling back to default.
LogInit: Display: Running engine for game: LaserReflectAO
LogPlatformFile: Not using cached read wrapper
LogTaskGraph: Started task graph with 5 named threads and 23 total threads with 3 sets of task threads.
LogStats: Stats thread started at 1.176776
LogICUInternationalization: ICU TimeZone Detection - Raw Offset: -6:00, Platform Override: ''
LogInit: Display: Loading text-based GConfig....
LogPluginManager: Mounting plugin MeshPainting
LogPluginManager: Mounting plugin XGEController
LogPluginManager: Mounting plugin Paper2D
LogPluginManager: Mounting plugin LiveLink
LogPluginManager: Mounting plugin AISupport
LogPluginManager: Mounting plugin EnvironmentQueryEditor
LogPluginManager: Mounting plugin CameraShakePreviewer
LogPluginManager: Mounting plugin LightPropagationVolume
LogPluginManager: Mounting plugin GameplayCameras
LogPluginManager: Mounting plugin OodleData
LogPluginManager: Mounting plugin OodleNetwork
LogPluginManager: Mounting plugin AssetManagerEditor
LogPluginManager: Mounting plugin CryptoKeys
LogPluginManager: Mounting plugin CurveEditorTools
LogPluginManager: Mounting plugin DataValidation
LogPluginManager: Mounting plugin FacialAnimation
LogPluginManager: Mounting plugin GeometryMode
LogPluginManager: Mounting plugin MacGraphicsSwitching
LogPluginManager: Mounting plugin MaterialAnalyzer
LogPluginManager: Mounting plugin GameplayTagsEditor
LogPluginManager: Mounting plugin MobileLauncherProfileWizard
LogPluginManager: Mounting plugin AnimationSharing
LogPluginManager: Mounting plugin PluginBrowser
LogPluginManager: Mounting plugin CLionSourceCodeAccess
LogPluginManager: Mounting plugin SpeedTreeImporter
LogPluginManager: Mounting plugin CodeLiteSourceCodeAccess
LogPluginManager: Mounting plugin GitSourceControl
LogPluginManager: Mounting plugin NullSourceCodeAccess
LogPluginManager: Mounting plugin KDevelopSourceCodeAccess
LogPluginManager: Mounting plugin PerforceSourceControl
LogPluginManager: Mounting plugin AlembicImporter
LogPluginManager: Mounting plugin PlasticSourceControl
LogPluginManager: Mounting plugin PluginUtils
LogPluginManager: Mounting plugin PropertyAccessNode
LogPluginManager: Mounting plugin PixWinPlugin
LogPluginManager: Mounting plugin RiderSourceCodeAccess
LogPluginManager: Mounting plugin AutomationUtils
LogPluginManager: Mounting plugin TextureFormatOodle
LogPluginManager: Mounting plugin BackChannel
LogPluginManager: Mounting plugin UObjectPlugin
LogPluginManager: Mounting plugin ChaosCloth
LogPluginManager: Mounting plugin ChaosEditor
LogPluginManager: Mounting plugin ChaosNiagara
LogPluginManager: Mounting plugin ChaosClothEditor
LogPluginManager: Mounting plugin CharacterAI
LogPluginManager: Mounting plugin ChaosSolverPlugin
LogPluginManager: Mounting plugin VisualStudioCodeSourceCodeAccess
LogPluginManager: Mounting plugin SubversionSourceControl
LogPluginManager: Mounting plugin VisualStudioSourceCodeAccess
LogPluginManager: Mounting plugin XCodeSourceCodeAccess
LogPluginManager: Mounting plugin GeometryCache
LogPluginManager: Mounting plugin GeometryCollectionPlugin
LogPluginManager: Mounting plugin DatasmithContent
LogPluginManager: Mounting plugin VariantManagerContent
LogPluginManager: Mounting plugin GeometryProcessing
LogPluginManager: Mounting plugin MotoSynth
LogPluginManager: Mounting plugin OpenImageDenoise
LogPluginManager: Mounting plugin PlatformCrypto
LogPluginManager: Mounting plugin PythonScriptPlugin
LogPluginManager: Mounting plugin ProxyLODPlugin
LogPluginManager: Mounting plugin SkeletalReduction
LogPluginManager: Mounting plugin Niagara
LogPluginManager: Mounting plugin AndroidMedia
LogPluginManager: Mounting plugin PlanarCut
LogPluginManager: Mounting plugin AvfMedia
LogPluginManager: Mounting plugin ImgMedia
LogPluginManager: Mounting plugin MediaCompositing
LogPluginManager: Mounting plugin MediaPlayerEditor
LogPluginManager: Mounting plugin TcpMessaging
LogPluginManager: Mounting plugin UdpMessaging
LogPluginManager: Mounting plugin LuminPlatformFeatures
LogPluginManager: Mounting plugin WmfMedia
LogPluginManager: Mounting plugin MagicLeap
LogPluginManager: Mounting plugin WebMMedia
LogPluginManager: Mounting plugin ActorSequence
LogPluginManager: Mounting plugin LevelSequenceEditor
LogPluginManager: Mounting plugin MagicLeapLightEstimation
LogPluginManager: Mounting plugin MatineeToLevelSequence
LogPluginManager: Mounting plugin MagicLeapMedia
LogPluginManager: Mounting plugin TemplateSequence
LogPluginManager: Mounting plugin MLSDK
LogPluginManager: Mounting plugin LauncherChunkInstaller
LogPluginManager: Mounting plugin MagicLeapPassableWorld
LogPluginManager: Mounting plugin OnlineSubsystem
LogPluginManager: Mounting plugin OnlineSubsystemNull
LogPluginManager: Mounting plugin OnlineSubsystemUtils
LogPluginManager: Mounting plugin ActorLayerUtilities
LogPluginManager: Mounting plugin AndroidDeviceProfileSelector
LogPluginManager: Mounting plugin AndroidPermission
LogPluginManager: Mounting plugin AppleImageUtils
LogPluginManager: Mounting plugin AppleMoviePlayer
LogPluginManager: Mounting plugin AndroidMoviePlayer
LogPluginManager: Mounting plugin AssetTags
LogPluginManager: Mounting plugin ArchVisCharacter
LogPluginManager: Mounting plugin AudioCapture
LogPluginManager: Mounting plugin AudioSynesthesia
LogPluginManager: Mounting plugin CableComponent
LogPluginManager: Mounting plugin CustomMeshComponent
LogPluginManager: Mounting plugin ExampleDeviceProfileSelector
LogPluginManager: Mounting plugin ChunkDownloader
LogPluginManager: Mounting plugin EditableMesh
LogPluginManager: Mounting plugin GoogleCloudMessaging
LogPluginManager: Mounting plugin GooglePAD
LogPluginManager: Mounting plugin IOSDeviceProfileSelector
LogPluginManager: Mounting plugin LinuxDeviceProfileSelector
LogPluginManager: Mounting plugin LocationServicesBPLibrary
LogPluginManager: Mounting plugin MobilePatchingUtils
LogPluginManager: Mounting plugin OpenXR
LogPluginManager: Mounting plugin OpenXRHandTracking
LogPluginManager: Mounting plugin OpenXREyeTracker
LogPluginManager: Mounting plugin PhysXVehicles
LogPluginManager: Mounting plugin PostSplashScreen
LogPluginManager: Mounting plugin ProceduralMeshComponent
LogPluginManager: Mounting plugin PropertyAccessEditor
LogPluginManager: Mounting plugin RuntimePhysXCooking
LogPluginManager: Mounting plugin SignificanceManager
LogPluginManager: Mounting plugin SoundFields
LogPluginManager: Mounting plugin Synthesis
LogPluginManager: Mounting plugin WebMMoviePlayer
LogPluginManager: Mounting plugin ScreenshotTools
LogPluginManager: Mounting plugin WindowsMoviePlayer
LogPluginManager: Mounting plugin Takes
LogPluginManager: Mounting plugin ContentBrowserAssetDataSource
LogPluginManager: Mounting plugin ContentBrowserClassDataSource
LogPluginManager: Mounting plugin ContentBrowserFileDataSource
LogPluginManager: Mounting plugin OnlineSubsystemGooglePlay
LogPluginManager: Mounting plugin OnlineSubsystemIOS
LogPluginManager: Mounting plugin OculusVR
LogPluginManager: Mounting plugin SteamVR
PixWinPlugin: PIX capture plugin failed to initialize! Check that the process is launched from PIX.
LogInit: Using libcurl 7.55.1-DEV
LogInit:  - built for x86_64-pc-win32
LogInit:  - supports SSL with OpenSSL/1.1.1
LogInit:  - supports HTTP deflate (compression) using libz 1.2.8
LogInit:  - other features:
LogInit:      CURL_VERSION_SSL
LogInit:      CURL_VERSION_LIBZ
LogInit:      CURL_VERSION_IPV6
LogInit:      CURL_VERSION_ASYNCHDNS
LogInit:      CURL_VERSION_LARGEFILE
LogInit:      CURL_VERSION_IDN
LogInit:  CurlRequestOptions (configurable via config and command line):
LogInit:  - bVerifyPeer = true  - Libcurl will verify peer certificate
LogInit:  - bUseHttpProxy = false  - Libcurl will NOT use HTTP proxy
LogInit:  - bDontReuseConnections = false  - Libcurl will reuse connections
LogInit:  - MaxHostConnections = 16  - Libcurl will limit the number of connections to a host
LogInit:  - LocalHostAddr = Default
LogInit:  - BufferSize = 65536
LogOnline: OSS: Creating online subsystem instance for: NULL
LogInit: WinSock: version 1.1 (2.2), MaxSocks=32767, MaxUdp=65467
LogOnline: OSS: TryLoadSubsystemAndSetDefault: Loaded subsystem for module [NULL]
LogInit: Build: ++UE4+Release-4.27-CL-18319896
LogInit: Engine Version: 4.27.2-18319896+++UE4+Release-4.27
LogInit: Compatible Engine Version: 4.27.0-17155196+++UE4+Release-4.27
LogInit: Net CL: 17155196
LogInit: OS: Windows 10 (Release 2009) (), CPU: AMD Ryzen 5 3550H with Radeon Vega Mobile Gfx  , GPU: AMD Radeon(TM) Vega 8 Graphics
LogInit: Compiled (64-bit): Nov 30 2021 07:12:08
LogInit: Compiled with Visual C++: 19.24.28315.00
LogInit: Build Configuration: Development
LogInit: Branch Name: ++UE4+Release-4.27
LogInit: Command Line:  "C:\Users\austi\Desktop\UnrealEngine Projects\Laser Reflect AO\UE4-Laser-Reflect-AO\LaserReflectAO\LaserReflectAO.uproject" -run=VisualStudioTools -unattended -noshadercompile -nosound -nullrhi -nocpuprofilertrace -nocrashreports -nosplash -ddc=noshared -output=C:\Users\austi\AppData\Local\Temp\tmp164.tmp
LogInit: Base Directory: D:/Epic Games/UE_4.27/Engine/Binaries/Win64/
LogInit: Allocator: TBB
LogInit: Installed Engine Build: 1
LogDevObjectVersion: Number of dev versions registered: 29
LogDevObjectVersion:   Dev-Blueprints (B0D832E4-1F89-4F0D-ACCF-7EB736FD4AA2): 10
LogDevObjectVersion:   Dev-Build (E1C64328-A22C-4D53-A36C-8E866417BD8C): 0
LogDevObjectVersion:   Dev-Core (375EC13C-06E4-48FB-B500-84F0262A717E): 4
LogDevObjectVersion:   Dev-Editor (E4B068ED-F494-42E9-A231-DA0B2E46BB41): 40
LogDevObjectVersion:   Dev-Framework (CFFC743F-43B0-4480-9391-14DF171D2073): 37
LogDevObjectVersion:   Dev-Mobile (B02B49B5-BB20-44E9-A304-32B752E40360): 3
LogDevObjectVersion:   Dev-Networking (A4E4105C-59A1-49B5-A7C5-40C4547EDFEE): 0
LogDevObjectVersion:   Dev-Online (39C831C9-5AE6-47DC-9A44-9C173E1C8E7C): 0
LogDevObjectVersion:   Dev-Physics (78F01B33-EBEA-4F98-B9B4-84EACCB95AA2): 14
LogDevObjectVersion:   Dev-Platform (6631380F-2D4D-43E0-8009-CF276956A95A): 0
LogDevObjectVersion:   Dev-Rendering (12F88B9F-8875-4AFC-A67C-D90C383ABD29): 45
LogDevObjectVersion:   Dev-Sequencer (7B5AE74C-D270-4C10-A958-57980B212A5A): 13
LogDevObjectVersion:   Dev-VR (D7296918-1DD6-4BDD-9DE2-64A83CC13884): 3
LogDevObjectVersion:   Dev-LoadTimes (C2A15278-BFE7-4AFE-6C17-90FF531DF755): 1
LogDevObjectVersion:   Private-Geometry (6EACA3D4-40EC-4CC1-B786-8BED09428FC5): 3
LogDevObjectVersion:   Dev-AnimPhys (29E575DD-E0A3-4627-9D10-D276232CDCEA): 17
LogDevObjectVersion:   Dev-Anim (AF43A65D-7FD3-4947-9873-3E8ED9C1BB05): 15
LogDevObjectVersion:   Dev-ReflectionCapture (6B266CEC-1EC7-4B8F-A30B-E4D90942FC07): 1
LogDevObjectVersion:   Dev-Automation (0DF73D61-A23F-47EA-B727-89E90C41499A): 1
LogDevObjectVersion:   FortniteMain (601D1886-AC64-4F84-AA16-D3DE0DEAC7D6): 47
LogDevObjectVersion:   FortniteRelease (E7086368-6B23-4C58-8439-1B7016265E91): 1
LogDevObjectVersion:   Dev-Enterprise (9DFFBCD6-494F-0158-E221-12823C92A888): 10
LogDevObjectVersion:   Dev-Niagara (F2AED0AC-9AFE-416F-8664-AA7FFA26D6FC): 1
LogDevObjectVersion:   Dev-Destruction (174F1F0B-B4C6-45A5-B13F-2EE8D0FB917D): 10
LogDevObjectVersion:   Dev-Physics-Ext (35F94A83-E258-406C-A318-09F59610247C): 41
LogDevObjectVersion:   Dev-PhysicsMaterial-Chaos (B68FC16E-8B1B-42E2-B453-215C058844FE): 1
LogDevObjectVersion:   Dev-CineCamera (B2E18506-4273-CFC2-A54E-F4BB758BBA07): 1
LogDevObjectVersion:   Dev-VirtualProduction (64F58936-FD1B-42BA-BA96-7289D5D0FA4E): 1
LogDevObjectVersion:   Dev-MediaFramework (6F0ED827-A609-4895-9C91-998D90180EA4): 2
LogInit: Presizing for max 25165824 objects, including 0 objects not considered by GC, pre-allocating 0 bytes for permanent pool.
LogConfig: Applying CVar settings from Section [/Script/Engine.StreamingSettings] File [C:/Users/austi/Desktop/UnrealEngine Projects/Laser Reflect AO/UE4-Laser-Reflect-AO/LaserReflectAO/Saved/Config/Windows/Engine.ini]
LogConfig: Setting CVar [[s.MinBulkDataSizeForAsyncLoading:131072]]
LogConfig: Setting CVar [[s.AsyncLoadingThreadEnabled:0]]
LogConfig: Setting CVar [[s.EventDrivenLoaderEnabled:1]]
LogConfig: Setting CVar [[s.WarnIfTimeLimitExceeded:0]]
LogConfig: Setting CVar [[s.TimeLimitExceededMultiplier:1.5]]
LogConfig: Setting CVar [[s.TimeLimitExceededMinTime:0.005]]
LogConfig: Setting CVar [[s.UseBackgroundLevelStreaming:1]]
LogConfig: Setting CVar [[s.PriorityAsyncLoadingExtraTime:15.0]]
LogConfig: Setting CVar [[s.LevelStreamingActorsUpdateTimeLimit:5.0]]
LogConfig: Setting CVar [[s.PriorityLevelStreamingActorsUpdateExtraTime:5.0]]
LogConfig: Setting CVar [[s.LevelStreamingComponentsRegistrationGranularity:10]]
LogConfig: Setting CVar [[s.UnregisterComponentsTimeLimit:1.0]]
LogConfig: Setting CVar [[s.LevelStreamingComponentsUnregistrationGranularity:5]]
LogConfig: Setting CVar [[s.FlushStreamingOnExit:1]]
LogInit: Object subsystem initialized
LogConfig: Setting CVar [[con.DebugEarlyDefault:1]]
LogConfig: Setting CVar [[r.setres:1280x720]]
[2023.11.21-07.55.41:402][  0]LogConfig: Setting CVar [[con.DebugEarlyDefault:1]]
[2023.11.21-07.55.41:402][  0]LogConfig: Setting CVar [[r.setres:1280x720]]
[2023.11.21-07.55.41:402][  0]LogConfig: Applying CVar settings from Section [/Script/Engine.RendererSettings] File [C:/Users/austi/Desktop/UnrealEngine Projects/Laser Reflect AO/UE4-Laser-Reflect-AO/LaserReflectAO/Saved/Config/Windows/Engine.ini]
[2023.11.21-07.55.41:402][  0]LogConfig: Setting CVar [[r.GPUCrashDebugging:0]]
[2023.11.21-07.55.41:402][  0]LogConfig: Applying CVar settings from Section [/Script/Engine.RendererOverrideSettings] File [C:/Users/austi/Desktop/UnrealEngine Projects/Laser Reflect AO/UE4-Laser-Reflect-AO/LaserReflectAO/Saved/Config/Windows/Engine.ini]
[2023.11.21-07.55.41:402][  0]LogConfig: Applying CVar settings from Section [/Script/Engine.StreamingSettings] File [C:/Users/austi/Desktop/UnrealEngine Projects/Laser Reflect AO/UE4-Laser-Reflect-AO/LaserReflectAO/Saved/Config/Windows/Engine.ini]
[2023.11.21-07.55.41:402][  0]LogConfig: Setting CVar [[s.MinBulkDataSizeForAsyncLoading:131072]]
[2023.11.21-07.55.41:402][  0]LogConfig: Setting CVar [[s.AsyncLoadingThreadEnabled:0]]
[2023.11.21-07.55.41:402][  0]LogConfig: Setting CVar [[s.EventDrivenLoaderEnabled:1]]
[2023.11.21-07.55.41:402][  0]LogConfig: Setting CVar [[s.WarnIfTimeLimitExceeded:0]]
[2023.11.21-07.55.41:402][  0]LogConfig: Setting CVar [[s.TimeLimitExceededMultiplier:1.5]]
[2023.11.21-07.55.41:402][  0]LogConfig: Setting CVar [[s.TimeLimitExceededMinTime:0.005]]
[2023.11.21-07.55.41:402][  0]LogConfig: Setting CVar [[s.UseBackgroundLevelStreaming:1]]
[2023.11.21-07.55.41:402][  0]LogConfig: Setting CVar [[s.PriorityAsyncLoadingExtraTime:15.0]]
[2023.11.21-07.55.41:402][  0]LogConfig: Setting CVar [[s.LevelStreamingActorsUpdateTimeLimit:5.0]]
[2023.11.21-07.55.41:402][  0]LogConfig: Setting CVar [[s.PriorityLevelStreamingActorsUpdateExtraTime:5.0]]
[2023.11.21-07.55.41:402][  0]LogConfig: Setting CVar [[s.LevelStreamingComponentsRegistrationGranularity:10]]
[2023.11.21-07.55.41:402][  0]LogConfig: Setting CVar [[s.UnregisterComponentsTimeLimit:1.0]]
[2023.11.21-07.55.41:402][  0]LogConfig: Setting CVar [[s.LevelStreamingComponentsUnregistrationGranularity:5]]
[2023.11.21-07.55.41:402][  0]LogConfig: Setting CVar [[s.FlushStreamingOnExit:1]]
[2023.11.21-07.55.41:402][  0]LogConfig: Applying CVar settings from Section [/Script/Engine.GarbageCollectionSettings] File [C:/Users/austi/Desktop/UnrealEngine Projects/Laser Reflect AO/UE4-Laser-Reflect-AO/LaserReflectAO/Saved/Config/Windows/Engine.ini]
[2023.11.21-07.55.41:402][  0]LogConfig: Setting CVar [[gc.MaxObjectsNotConsideredByGC:1]]
[2023.11.21-07.55.41:402][  0]LogConfig: Setting CVar [[gc.SizeOfPermanentObjectPool:0]]
[2023.11.21-07.55.41:402][  0]LogConfig: Setting CVar [[gc.FlushStreamingOnGC:0]]
[2023.11.21-07.55.41:402][  0]LogConfig: Setting CVar [[gc.NumRetriesBeforeForcingGC:10]]
[2023.11.21-07.55.41:403][  0]LogConfig: Setting CVar [[gc.AllowParallelGC:1]]
[2023.11.21-07.55.41:403][  0]LogConfig: Setting CVar [[gc.TimeBetweenPurgingPendingKillObjects:61.1]]
[2023.11.21-07.55.41:403][  0]LogConfig: Setting CVar [[gc.MaxObjectsInEditor:25165824]]
[2023.11.21-07.55.41:403][  0]LogConfig: Setting CVar [[gc.IncrementalBeginDestroyEnabled:1]]
[2023.11.21-07.55.41:403][  0]LogConfig: Setting CVar [[gc.CreateGCClusters:1]]
[2023.11.21-07.55.41:403][  0]LogConfig: Setting CVar [[gc.MinGCClusterSize:5]]
[2023.11.21-07.55.41:403][  0]LogConfig: Setting CVar [[gc.ActorClusteringEnabled:0]]
[2023.11.21-07.55.41:403][  0]LogConfig: Setting CVar [[gc.BlueprintClusteringEnabled:0]]
[2023.11.21-07.55.41:403][  0]LogConfig: Setting CVar [[gc.UseDisregardForGCOnDedicatedServers:0]]
[2023.11.21-07.55.41:403][  0]LogConfig: Setting CVar [[gc.MultithreadedDestructionEnabled:1]]
[2023.11.21-07.55.41:403][  0]LogConfig: Applying CVar settings from Section [/Script/Engine.NetworkSettings] File [C:/Users/austi/Desktop/UnrealEngine Projects/Laser Reflect AO/UE4-Laser-Reflect-AO/LaserReflectAO/Saved/Config/Windows/Engine.ini]
[2023.11.21-07.55.41:403][  0]LogConfig: Applying CVar settings from Section [/Script/UnrealEd.CookerSettings] File [C:/Users/austi/Desktop/UnrealEngine Projects/Laser Reflect AO/UE4-Laser-Reflect-AO/LaserReflectAO/Saved/Config/Windows/Engine.ini]
[2023.11.21-07.55.41:403][  0]LogConfig: Applying CVar settings from Section [ViewDistanceQuality@3] File [C:/Users/austi/Desktop/UnrealEngine Projects/Laser Reflect AO/UE4-Laser-Reflect-AO/LaserReflectAO/Saved/Config/Windows/Scalability.ini]
[2023.11.21-07.55.41:403][  0]LogConfig: Setting CVar [[r.SkeletalMeshLODBias:0]]
[2023.11.21-07.55.41:403][  0]LogConfig: Setting CVar [[r.ViewDistanceScale:1.0]]
[2023.11.21-07.55.41:403][  0]LogConfig: Applying CVar settings from Section [AntiAliasingQuality@3] File [C:/Users/austi/Desktop/UnrealEngine Projects/Laser Reflect AO/UE4-Laser-Reflect-AO/LaserReflectAO/Saved/Config/Windows/Scalability.ini]
[2023.11.21-07.55.41:403][  0]LogConfig: Setting CVar [[r.PostProcessAAQuality:4]]
[2023.11.21-07.55.41:403][  0]LogConfig: Applying CVar settings from Section [ShadowQuality@3] File [C:/Users/austi/Desktop/UnrealEngine Projects/Laser Reflect AO/UE4-Laser-Reflect-AO/LaserReflectAO/Saved/Config/Windows/Scalability.ini]
[2023.11.21-07.55.41:403][  0]LogConfig: Setting CVar [[r.LightFunctionQuality:1]]
[2023.11.21-07.55.41:403][  0]LogConfig: Setting CVar [[r.ShadowQuality:5]]
[2023.11.21-07.55.41:403][  0]LogConfig: Setting CVar [[r.Shadow.CSM.MaxCascades:10]]
[2023.11.21-07.55.41:403][  0]LogConfig: Setting CVar [[r.Shadow.MaxResolution:2048]]
[2023.11.21-07.55.41:403][  0]LogConfig: Setting CVar [[r.Shadow.MaxCSMResolution:2048]]
[2023.11.21-07.55.41:403][  0]LogConfig: Setting CVar [[r.Shadow.RadiusThreshold:0.01]]
[2023.11.21-07.55.41:403][  0]LogConfig: Setting CVar [[r.Shadow.DistanceScale:1.0]]
[2023.11.21-07.55.41:403][  0]LogConfig: Setting CVar [[r.Shadow.CSM.TransitionScale:1.0]]
[2023.11.21-07.55.41:403][  0]LogConfig: Setting CVar [[r.Shadow.PreShadowResolutionFactor:1.0]]
[2023.11.21-07.55.41:403][  0]LogConfig: Setting CVar [[r.DistanceFieldShadowing:1]]
[2023.11.21-07.55.41:403][  0]LogConfig: Setting CVar [[r.DistanceFieldAO:1]]
[2023.11.21-07.55.41:403][  0]LogConfig: Setting CVar [[r.AOQuality:2]]
[2023.11.21-07.55.41:403][  0]LogConfig: Setting CVar [[r.VolumetricFog:1]]
[2023.11.21-07.55.41:403][  0]LogConfig: Setting CVar [[r.VolumetricFog.GridPixelSize:8]]
[2023.11.21-07.55.41:403][  0]LogConfig: Setting CVar [[r.VolumetricFog.GridSizeZ:128]]
[2023.11.21-07.55.41:403][  0]LogConfig: Setting CVar [[r.VolumetricFog.HistoryMissSupersampleCount:4]]
[2023.11.21-07.55.41:403][  0]LogConfig: Setting CVar [[r.LightMaxDrawDistanceScale:1]]
[2023.11.21-07.55.41:403][  0]LogConfig: Setting CVar [[r.CapsuleShadows:1]]
[2023.11.21-07.55.41:403][  0]LogConfig: Applying CVar settings from Section [PostProcessQuality@3] File [C:/Users/austi/Desktop/UnrealEngine Projects/Laser Reflect AO/UE4-Laser-Reflect-AO/LaserReflectAO/Saved/Config/Windows/Scalability.ini]
[2023.11.21-07.55.41:403][  0]LogConfig: Setting CVar [[r.MotionBlurQuality:4]]
[2023.11.21-07.55.41:403][  0]LogConfig: Setting CVar [[r.AmbientOcclusionMipLevelFactor:0.4]]
[2023.11.21-07.55.41:403][  0]LogConfig: Setting CVar [[r.AmbientOcclusionMaxQuality:100]]
[2023.11.21-07.55.41:403][  0]LogConfig: Setting CVar [[r.AmbientOcclusionLevels:-1]]
[2023.11.21-07.55.41:403][  0]LogConfig: Setting CVar [[r.AmbientOcclusionRadiusScale:1.0]]
[2023.11.21-07.55.41:403][  0]LogConfig: Setting CVar [[r.DepthOfFieldQuality:2]]
[2023.11.21-07.55.41:403][  0]LogConfig: Setting CVar [[r.RenderTargetPoolMin:400]]
[2023.11.21-07.55.41:403][  0]LogConfig: Setting CVar [[r.LensFlareQuality:2]]
[2023.11.21-07.55.41:403][  0]LogConfig: Setting CVar [[r.SceneColorFringeQuality:1]]
[2023.11.21-07.55.41:403][  0]LogConfig: Setting CVar [[r.EyeAdaptationQuality:2]]
[2023.11.21-07.55.41:403][  0]LogConfig: Setting CVar [[r.BloomQuality:5]]
[2023.11.21-07.55.41:403][  0]LogConfig: Setting CVar [[r.FastBlurThreshold:100]]
[2023.11.21-07.55.41:403][  0]LogConfig: Setting CVar [[r.Upscale.Quality:3]]
[2023.11.21-07.55.41:403][  0]LogConfig: Setting CVar [[r.Tonemapper.GrainQuantization:1]]
[2023.11.21-07.55.41:403][  0]LogConfig: Setting CVar [[r.LightShaftQuality:1]]
[2023.11.21-07.55.41:403][  0]LogConfig: Setting CVar [[r.Filter.SizeScale:1]]
[2023.11.21-07.55.41:403][  0]LogConfig: Setting CVar [[r.Tonemapper.Quality:5]]
[2023.11.21-07.55.41:403][  0]LogConfig: Setting CVar [[r.DOF.Gather.AccumulatorQuality:1        ; higher gathering accumulator quality]]
[2023.11.21-07.55.41:403][  0]LogConfig: Setting CVar [[r.DOF.Gather.PostfilterMethod:1          ; Median3x3 postfilering method]]
[2023.11.21-07.55.41:403][  0]LogConfig: Setting CVar [[r.DOF.Gather.EnableBokehSettings:0       ; no bokeh simulation when gathering]]
[2023.11.21-07.55.41:403][  0]LogConfig: Setting CVar [[r.DOF.Gather.RingCount:4                 ; medium number of samples when gathering]]
[2023.11.21-07.55.41:403][  0]LogConfig: Setting CVar [[r.DOF.Scatter.ForegroundCompositing:1    ; additive foreground scattering]]
[2023.11.21-07.55.41:403][  0]LogConfig: Setting CVar [[r.DOF.Scatter.BackgroundCompositing:2    ; additive background scattering]]
[2023.11.21-07.55.41:403][  0]LogConfig: Setting CVar [[r.DOF.Scatter.EnableBokehSettings:1      ; bokeh simulation when scattering]]
[2023.11.21-07.55.41:403][  0]LogConfig: Setting CVar [[r.DOF.Scatter.MaxSpriteRatio:0.1         ; only a maximum of 10% of scattered bokeh]]
[2023.11.21-07.55.41:403][  0]LogConfig: Setting CVar [[r.DOF.Recombine.Quality:1                ; cheap slight out of focus]]
[2023.11.21-07.55.41:403][  0]LogConfig: Setting CVar [[r.DOF.Recombine.EnableBokehSettings:0    ; no bokeh simulation on slight out of focus]]
[2023.11.21-07.55.41:403][  0]LogConfig: Setting CVar [[r.DOF.TemporalAAQuality:1                ; more stable temporal accumulation]]
[2023.11.21-07.55.41:403][  0]LogConfig: Setting CVar [[r.DOF.Kernel.MaxForegroundRadius:0.025]]
[2023.11.21-07.55.41:403][  0]LogConfig: Setting CVar [[r.DOF.Kernel.MaxBackgroundRadius:0.025]]
[2023.11.21-07.55.41:403][  0]LogConfig: Applying CVar settings from Section [TextureQuality@3] File [C:/Users/austi/Desktop/UnrealEngine Projects/Laser Reflect AO/UE4-Laser-Reflect-AO/LaserReflectAO/Saved/Config/Windows/Scalability.ini]
[2023.11.21-07.55.41:403][  0]LogConfig: Setting CVar [[r.Streaming.MipBias:0]]
[2023.11.21-07.55.41:403][  0]LogConfig: Setting CVar [[r.Streaming.AmortizeCPUToGPUCopy:0]]
[2023.11.21-07.55.41:404][  0]LogConfig: Setting CVar [[r.Streaming.MaxNumTexturesToStreamPerFrame:0]]
[2023.11.21-07.55.41:404][  0]LogConfig: Setting CVar [[r.Streaming.Boost:1]]
[2023.11.21-07.55.41:404][  0]LogConfig: Setting CVar [[r.MaxAnisotropy:8]]
[2023.11.21-07.55.41:404][  0]LogConfig: Setting CVar [[r.VT.MaxAnisotropy:8]]
[2023.11.21-07.55.41:404][  0]LogConfig: Setting CVar [[r.Streaming.LimitPoolSizeToVRAM:0]]
[2023.11.21-07.55.41:404][  0]LogConfig: Setting CVar [[r.Streaming.PoolSize:1000]]
[2023.11.21-07.55.41:404][  0]LogConfig: Setting CVar [[r.Streaming.MaxEffectiveScreenSize:0]]
[2023.11.21-07.55.41:404][  0]LogConfig: Applying CVar settings from Section [EffectsQuality@3] File [C:/Users/austi/Desktop/UnrealEngine Projects/Laser Reflect AO/UE4-Laser-Reflect-AO/LaserReflectAO/Saved/Config/Windows/Scalability.ini]
[2023.11.21-07.55.41:404][  0]LogConfig: Setting CVar [[r.TranslucencyLightingVolumeDim:64]]
[2023.11.21-07.55.41:404][  0]LogConfig: Setting CVar [[r.RefractionQuality:2]]
[2023.11.21-07.55.41:404][  0]LogConfig: Setting CVar [[r.SSR.Quality:3]]
[2023.11.21-07.55.41:404][  0]LogConfig: Setting CVar [[r.SSR.HalfResSceneColor:0]]
[2023.11.21-07.55.41:404][  0]LogConfig: Setting CVar [[r.SceneColorFormat:4]]
[2023.11.21-07.55.41:404][  0]LogConfig: Setting CVar [[r.DetailMode:2]]
[2023.11.21-07.55.41:404][  0]LogConfig: Setting CVar [[r.TranslucencyVolumeBlur:1]]
[2023.11.21-07.55.41:404][  0]LogConfig: Setting CVar [[r.MaterialQualityLevel:1 ; High quality]]
[2023.11.21-07.55.41:404][  0]LogConfig: Setting CVar [[r.AnisotropicMaterials:1]]
[2023.11.21-07.55.41:404][  0]LogConfig: Setting CVar [[r.SSS.Scale:1]]
[2023.11.21-07.55.41:404][  0]LogConfig: Setting CVar [[r.SSS.SampleSet:2]]
[2023.11.21-07.55.41:404][  0]LogConfig: Setting CVar [[r.SSS.Quality:1]]
[2023.11.21-07.55.41:404][  0]LogConfig: Setting CVar [[r.SSS.HalfRes:0]]
[2023.11.21-07.55.41:404][  0]LogConfig: Setting CVar [[r.SSGI.Quality:3]]
[2023.11.21-07.55.41:404][  0]LogConfig: Setting CVar [[r.EmitterSpawnRateScale:1.0]]
[2023.11.21-07.55.41:404][  0]LogConfig: Setting CVar [[r.ParticleLightQuality:2]]
[2023.11.21-07.55.41:404][  0]LogConfig: Setting CVar [[r.SkyAtmosphere.AerialPerspectiveLUT.FastApplyOnOpaque:1 ; Always have FastSkyLUT 1 in this case to avoid wrong sky]]
[2023.11.21-07.55.41:404][  0]LogConfig: Setting CVar [[r.SkyAtmosphere.AerialPerspectiveLUT.SampleCountMaxPerSlice:4]]
[2023.11.21-07.55.41:404][  0]LogConfig: Setting CVar [[r.SkyAtmosphere.AerialPerspectiveLUT.DepthResolution:16.0]]
[2023.11.21-07.55.41:404][  0]LogConfig: Setting CVar [[r.SkyAtmosphere.FastSkyLUT:1]]
[2023.11.21-07.55.41:404][  0]LogConfig: Setting CVar [[r.SkyAtmosphere.FastSkyLUT.SampleCountMin:4.0]]
[2023.11.21-07.55.41:404][  0]LogConfig: Setting CVar [[r.SkyAtmosphere.FastSkyLUT.SampleCountMax:128.0]]
[2023.11.21-07.55.41:404][  0]LogConfig: Setting CVar [[r.SkyAtmosphere.SampleCountMin:4.0]]
[2023.11.21-07.55.41:404][  0]LogConfig: Setting CVar [[r.SkyAtmosphere.SampleCountMax:128.0]]
[2023.11.21-07.55.41:404][  0]LogConfig: Setting CVar [[r.SkyAtmosphere.TransmittanceLUT.UseSmallFormat:0]]
[2023.11.21-07.55.41:404][  0]LogConfig: Setting CVar [[r.SkyAtmosphere.TransmittanceLUT.SampleCount:10.0]]
[2023.11.21-07.55.41:404][  0]LogConfig: Setting CVar [[r.SkyAtmosphere.MultiScatteringLUT.SampleCount:15.0]]
[2023.11.21-07.55.41:404][  0]LogConfig: Setting CVar [[r.SkyLight.RealTimeReflectionCapture:1]]
[2023.11.21-07.55.41:404][  0]LogConfig: Applying CVar settings from Section [FoliageQuality@3] File [C:/Users/austi/Desktop/UnrealEngine Projects/Laser Reflect AO/UE4-Laser-Reflect-AO/LaserReflectAO/Saved/Config/Windows/Scalability.ini]
[2023.11.21-07.55.41:404][  0]LogConfig: Setting CVar [[foliage.DensityScale:1.0]]
[2023.11.21-07.55.41:404][  0]LogConfig: Setting CVar [[grass.DensityScale:1.0]]
[2023.11.21-07.55.41:404][  0]LogConfig: Applying CVar settings from Section [ShadingQuality@3] File [C:/Users/austi/Desktop/UnrealEngine Projects/Laser Reflect AO/UE4-Laser-Reflect-AO/LaserReflectAO/Saved/Config/Windows/Scalability.ini]
[2023.11.21-07.55.41:404][  0]LogConfig: Setting CVar [[r.HairStrands.SkyLighting.IntegrationType:2]]
[2023.11.21-07.55.41:404][  0]LogConfig: Setting CVar [[r.HairStrands.SkyAO.SampleCount:4]]
[2023.11.21-07.55.41:404][  0]LogConfig: Setting CVar [[r.HairStrands.Visibility.MSAA.SamplePerPixel:4]]
[2023.11.21-07.55.41:446][  0]LogInit: Selected Device Profile: [Windows]
[2023.11.21-07.55.41:446][  0]LogInit: Applying CVar settings loaded from the selected device profile: [Windows]
[2023.11.21-07.55.41:446][  0]LogHAL: Display: Platform has ~ 14 GB [14903590912 / 17179869184 / 14], which maps to Larger [LargestMinGB=32, LargerMinGB=12, DefaultMinGB=8, SmallerMinGB=6, SmallestMinGB=0)
[2023.11.21-07.55.41:446][  0]LogInit: Going up to parent DeviceProfile []
[2023.11.21-07.55.41:446][  0]LogConfig: Applying CVar settings from Section [ViewDistanceQuality@3] File [C:/Users/austi/Desktop/UnrealEngine Projects/Laser Reflect AO/UE4-Laser-Reflect-AO/LaserReflectAO/Saved/Config/Windows/Scalability.ini]
[2023.11.21-07.55.41:446][  0]LogConfig: Setting CVar [[r.SkeletalMeshLODBias:0]]
[2023.11.21-07.55.41:446][  0]LogConfig: Setting CVar [[r.ViewDistanceScale:1.0]]
[2023.11.21-07.55.41:446][  0]LogConfig: Applying CVar settings from Section [AntiAliasingQuality@3] File [C:/Users/austi/Desktop/UnrealEngine Projects/Laser Reflect AO/UE4-Laser-Reflect-AO/LaserReflectAO/Saved/Config/Windows/Scalability.ini]
[2023.11.21-07.55.41:446][  0]LogConfig: Setting CVar [[r.PostProcessAAQuality:4]]
[2023.11.21-07.55.41:446][  0]LogConfig: Applying CVar settings from Section [ShadowQuality@3] File [C:/Users/austi/Desktop/UnrealEngine Projects/Laser Reflect AO/UE4-Laser-Reflect-AO/LaserReflectAO/Saved/Config/Windows/Scalability.ini]
[2023.11.21-07.55.41:446][  0]LogConfig: Setting CVar [[r.LightFunctionQuality:1]]
[2023.11.21-07.55.41:446][  0]LogConfig: Setting CVar [[r.ShadowQuality:5]]
[2023.11.21-07.55.41:446][  0]LogConfig: Setting CVar [[r.Shadow.CSM.MaxCascades:10]]
[2023.11.21-07.55.41:446][  0]LogConfig: Setting CVar [[r.Shadow.MaxResolution:2048]]
[2023.11.21-07.55.41:446][  0]LogConfig: Setting CVar [[r.Shadow.MaxCSMResolution:2048]]
[2023.11.21-07.55.41:446][  0]LogConfig: Setting CVar [[r.Shadow.RadiusThreshold:0.01]]
[2023.11.21-07.55.41:446][  0]LogConfig: Setting CVar [[r.Shadow.DistanceScale:1.0]]
[2023.11.21-07.55.41:446][  0]LogConfig: Setting CVar [[r.Shadow.CSM.TransitionScale:1.0]]
[2023.11.21-07.55.41:446][  0]LogConfig: Setting CVar [[r.Shadow.PreShadowResolutionFactor:1.0]]
[2023.11.21-07.55.41:446][  0]LogConfig: Setting CVar [[r.DistanceFieldShadowing:1]]
[2023.11.21-07.55.41:446][  0]LogConfig: Setting CVar [[r.DistanceFieldAO:1]]
[2023.11.21-07.55.41:446][  0]LogConfig: Setting CVar [[r.AOQuality:2]]
[2023.11.21-07.55.41:446][  0]LogConfig: Setting CVar [[r.VolumetricFog:1]]
[2023.11.21-07.55.41:446][  0]LogConfig: Setting CVar [[r.VolumetricFog.GridPixelSize:8]]
[2023.11.21-07.55.41:446][  0]LogConfig: Setting CVar [[r.VolumetricFog.GridSizeZ:128]]
[2023.11.21-07.55.41:446][  0]LogConfig: Setting CVar [[r.VolumetricFog.HistoryMissSupersampleCount:4]]
[2023.11.21-07.55.41:446][  0]LogConfig: Setting CVar [[r.LightMaxDrawDistanceScale:1]]
[2023.11.21-07.55.41:446][  0]LogConfig: Setting CVar [[r.CapsuleShadows:1]]
[2023.11.21-07.55.41:446][  0]LogConfig: Applying CVar settings from Section [PostProcessQuality@3] File [C:/Users/austi/Desktop/UnrealEngine Projects/Laser Reflect AO/UE4-Laser-Reflect-AO/LaserReflectAO/Saved/Config/Windows/Scalability.ini]
[2023.11.21-07.55.41:446][  0]LogConfig: Setting CVar [[r.MotionBlurQuality:4]]
[2023.11.21-07.55.41:446][  0]LogConfig: Setting CVar [[r.AmbientOcclusionMipLevelFactor:0.4]]
[2023.11.21-07.55.41:446][  0]LogConfig: Setting CVar [[r.AmbientOcclusionMaxQuality:100]]
[2023.11.21-07.55.41:446][  0]LogConfig: Setting CVar [[r.AmbientOcclusionLevels:-1]]
[2023.11.21-07.55.41:446][  0]LogConfig: Setting CVar [[r.AmbientOcclusionRadiusScale:1.0]]
[2023.11.21-07.55.41:446][  0]LogConfig: Setting CVar [[r.DepthOfFieldQuality:2]]
[2023.11.21-07.55.41:446][  0]LogConfig: Setting CVar [[r.RenderTargetPoolMin:400]]
[2023.11.21-07.55.41:446][  0]LogConfig: Setting CVar [[r.LensFlareQuality:2]]
[2023.11.21-07.55.41:446][  0]LogConfig: Setting CVar [[r.SceneColorFringeQuality:1]]
[2023.11.21-07.55.41:446][  0]LogConfig: Setting CVar [[r.EyeAdaptationQuality:2]]
[2023.11.21-07.55.41:446][  0]LogConfig: Setting CVar [[r.BloomQuality:5]]
[2023.11.21-07.55.41:446][  0]LogConfig: Setting CVar [[r.FastBlurThreshold:100]]
[2023.11.21-07.55.41:446][  0]LogConfig: Setting CVar [[r.Upscale.Quality:3]]
[2023.11.21-07.55.41:446][  0]LogConfig: Setting CVar [[r.Tonemapper.GrainQuantization:1]]
[2023.11.21-07.55.41:446][  0]LogConfig: Setting CVar [[r.LightShaftQuality:1]]
[2023.11.21-07.55.41:446][  0]LogConfig: Setting CVar [[r.Filter.SizeScale:1]]
[2023.11.21-07.55.41:446][  0]LogConfig: Setting CVar [[r.Tonemapper.Quality:5]]
[2023.11.21-07.55.41:446][  0]LogConfig: Setting CVar [[r.DOF.Gather.AccumulatorQuality:1        ; higher gathering accumulator quality]]
[2023.11.21-07.55.41:446][  0]LogConfig: Setting CVar [[r.DOF.Gather.PostfilterMethod:1          ; Median3x3 postfilering method]]
[2023.11.21-07.55.41:446][  0]LogConfig: Setting CVar [[r.DOF.Gather.EnableBokehSettings:0       ; no bokeh simulation when gathering]]
[2023.11.21-07.55.41:446][  0]LogConfig: Setting CVar [[r.DOF.Gather.RingCount:4                 ; medium number of samples when gathering]]
[2023.11.21-07.55.41:447][  0]LogConfig: Setting CVar [[r.DOF.Scatter.ForegroundCompositing:1    ; additive foreground scattering]]
[2023.11.21-07.55.41:447][  0]LogConfig: Setting CVar [[r.DOF.Scatter.BackgroundCompositing:2    ; additive background scattering]]
[2023.11.21-07.55.41:447][  0]LogConfig: Setting CVar [[r.DOF.Scatter.EnableBokehSettings:1      ; bokeh simulation when scattering]]
[2023.11.21-07.55.41:447][  0]LogConfig: Setting CVar [[r.DOF.Scatter.MaxSpriteRatio:0.1         ; only a maximum of 10% of scattered bokeh]]
[2023.11.21-07.55.41:447][  0]LogConfig: Setting CVar [[r.DOF.Recombine.Quality:1                ; cheap slight out of focus]]
[2023.11.21-07.55.41:447][  0]LogConfig: Setting CVar [[r.DOF.Recombine.EnableBokehSettings:0    ; no bokeh simulation on slight out of focus]]
[2023.11.21-07.55.41:447][  0]LogConfig: Setting CVar [[r.DOF.TemporalAAQuality:1                ; more stable temporal accumulation]]
[2023.11.21-07.55.41:447][  0]LogConfig: Setting CVar [[r.DOF.Kernel.MaxForegroundRadius:0.025]]
[2023.11.21-07.55.41:447][  0]LogConfig: Setting CVar [[r.DOF.Kernel.MaxBackgroundRadius:0.025]]
[2023.11.21-07.55.41:447][  0]LogConfig: Applying CVar settings from Section [TextureQuality@3] File [C:/Users/austi/Desktop/UnrealEngine Projects/Laser Reflect AO/UE4-Laser-Reflect-AO/LaserReflectAO/Saved/Config/Windows/Scalability.ini]
[2023.11.21-07.55.41:447][  0]LogConfig: Setting CVar [[r.Streaming.MipBias:0]]
[2023.11.21-07.55.41:447][  0]LogConfig: Setting CVar [[r.Streaming.AmortizeCPUToGPUCopy:0]]
[2023.11.21-07.55.41:447][  0]LogConfig: Setting CVar [[r.Streaming.MaxNumTexturesToStreamPerFrame:0]]
[2023.11.21-07.55.41:447][  0]LogConfig: Setting CVar [[r.Streaming.Boost:1]]
[2023.11.21-07.55.41:447][  0]LogConfig: Setting CVar [[r.MaxAnisotropy:8]]
[2023.11.21-07.55.41:447][  0]LogConfig: Setting CVar [[r.VT.MaxAnisotropy:8]]
[2023.11.21-07.55.41:447][  0]LogConfig: Setting CVar [[r.Streaming.LimitPoolSizeToVRAM:0]]
[2023.11.21-07.55.41:447][  0]LogConfig: Setting CVar [[r.Streaming.PoolSize:1000]]
[2023.11.21-07.55.41:447][  0]LogConfig: Setting CVar [[r.Streaming.MaxEffectiveScreenSize:0]]
[2023.11.21-07.55.41:447][  0]LogConfig: Applying CVar settings from Section [EffectsQuality@3] File [C:/Users/austi/Desktop/UnrealEngine Projects/Laser Reflect AO/UE4-Laser-Reflect-AO/LaserReflectAO/Saved/Config/Windows/Scalability.ini]
[2023.11.21-07.55.41:447][  0]LogConfig: Setting CVar [[r.TranslucencyLightingVolumeDim:64]]
[2023.11.21-07.55.41:447][  0]LogConfig: Setting CVar [[r.RefractionQuality:2]]
[2023.11.21-07.55.41:447][  0]LogConfig: Setting CVar [[r.SSR.Quality:3]]
[2023.11.21-07.55.41:447][  0]LogConfig: Setting CVar [[r.SSR.HalfResSceneColor:0]]
[2023.11.21-07.55.41:447][  0]LogConfig: Setting CVar [[r.SceneColorFormat:4]]
[2023.11.21-07.55.41:447][  0]LogConfig: Setting CVar [[r.DetailMode:2]]
[2023.11.21-07.55.41:447][  0]LogConfig: Setting CVar [[r.TranslucencyVolumeBlur:1]]
[2023.11.21-07.55.41:447][  0]LogConfig: Setting CVar [[r.MaterialQualityLevel:1 ; High quality]]
[2023.11.21-07.55.41:447][  0]LogConfig: Setting CVar [[r.AnisotropicMaterials:1]]
[2023.11.21-07.55.41:447][  0]LogConfig: Setting CVar [[r.SSS.Scale:1]]
[2023.11.21-07.55.41:447][  0]LogConfig: Setting CVar [[r.SSS.SampleSet:2]]
[2023.11.21-07.55.41:447][  0]LogConfig: Setting CVar [[r.SSS.Quality:1]]
[2023.11.21-07.55.41:447][  0]LogConfig: Setting CVar [[r.SSS.HalfRes:0]]
[2023.11.21-07.55.41:447][  0]LogConfig: Setting CVar [[r.SSGI.Quality:3]]
[2023.11.21-07.55.41:447][  0]LogConfig: Setting CVar [[r.EmitterSpawnRateScale:1.0]]
[2023.11.21-07.55.41:447][  0]LogConfig: Setting CVar [[r.ParticleLightQuality:2]]
[2023.11.21-07.55.41:447][  0]LogConfig: Setting CVar [[r.SkyAtmosphere.AerialPerspectiveLUT.FastApplyOnOpaque:1 ; Always have FastSkyLUT 1 in this case to avoid wrong sky]]
[2023.11.21-07.55.41:447][  0]LogConfig: Setting CVar [[r.SkyAtmosphere.AerialPerspectiveLUT.SampleCountMaxPerSlice:4]]
[2023.11.21-07.55.41:447][  0]LogConfig: Setting CVar [[r.SkyAtmosphere.AerialPerspectiveLUT.DepthResolution:16.0]]
[2023.11.21-07.55.41:447][  0]LogConfig: Setting CVar [[r.SkyAtmosphere.FastSkyLUT:1]]
[2023.11.21-07.55.41:447][  0]LogConfig: Setting CVar [[r.SkyAtmosphere.FastSkyLUT.SampleCountMin:4.0]]
[2023.11.21-07.55.41:447][  0]LogConfig: Setting CVar [[r.SkyAtmosphere.FastSkyLUT.SampleCountMax:128.0]]
[2023.11.21-07.55.41:447][  0]LogConfig: Setting CVar [[r.SkyAtmosphere.SampleCountMin:4.0]]
[2023.11.21-07.55.41:447][  0]LogConfig: Setting CVar [[r.SkyAtmosphere.SampleCountMax:128.0]]
[2023.11.21-07.55.41:447][  0]LogConfig: Setting CVar [[r.SkyAtmosphere.TransmittanceLUT.UseSmallFormat:0]]
[2023.11.21-07.55.41:447][  0]LogConfig: Setting CVar [[r.SkyAtmosphere.TransmittanceLUT.SampleCount:10.0]]
[2023.11.21-07.55.41:447][  0]LogConfig: Setting CVar [[r.SkyAtmosphere.MultiScatteringLUT.SampleCount:15.0]]
[2023.11.21-07.55.41:447][  0]LogConfig: Setting CVar [[r.SkyLight.RealTimeReflectionCapture:1]]
[2023.11.21-07.55.41:447][  0]LogConfig: Applying CVar settings from Section [FoliageQuality@3] File [C:/Users/austi/Desktop/UnrealEngine Projects/Laser Reflect AO/UE4-Laser-Reflect-AO/LaserReflectAO/Saved/Config/Windows/Scalability.ini]
[2023.11.21-07.55.41:447][  0]LogConfig: Setting CVar [[foliage.DensityScale:1.0]]
[2023.11.21-07.55.41:447][  0]LogConfig: Setting CVar [[grass.DensityScale:1.0]]
[2023.11.21-07.55.41:447][  0]LogConfig: Applying CVar settings from Section [ShadingQuality@3] File [C:/Users/austi/Desktop/UnrealEngine Projects/Laser Reflect AO/UE4-Laser-Reflect-AO/LaserReflectAO/Saved/Config/Windows/Scalability.ini]
[2023.11.21-07.55.41:447][  0]LogConfig: Setting CVar [[r.HairStrands.SkyLighting.IntegrationType:2]]
[2023.11.21-07.55.41:447][  0]LogConfig: Setting CVar [[r.HairStrands.SkyAO.SampleCount:4]]
[2023.11.21-07.55.41:447][  0]LogConfig: Setting CVar [[r.HairStrands.Visibility.MSAA.SamplePerPixel:4]]
[2023.11.21-07.55.41:447][  0]LogConfig: Applying CVar settings from Section [Startup] File [../../../Engine/Config/ConsoleVariables.ini]
[2023.11.21-07.55.41:468][  0]LogConfig: Setting CVar [[net.UseAdaptiveNetUpdateFrequency:0]]
[2023.11.21-07.55.41:468][  0]LogConfig: Setting CVar [[p.chaos.AllowCreatePhysxBodies:1]]
[2023.11.21-07.55.41:468][  0]LogConfig: Setting CVar [[fx.SkipVectorVMBackendOptimizations:1]]
[2023.11.21-07.55.41:468][  0]LogConfig: Applying CVar settings from Section [ConsoleVariables] File [C:/Users/austi/Desktop/UnrealEngine Projects/Laser Reflect AO/UE4-Laser-Reflect-AO/LaserReflectAO/Saved/Config/Windows/Engine.ini]
[2023.11.21-07.55.41:468][  0]LogConfig: Applying CVar settings from Section [ConsoleVariables] File [C:/Users/austi/Desktop/UnrealEngine Projects/Laser Reflect AO/UE4-Laser-Reflect-AO/LaserReflectAO/Saved/Config/Windows/Editor.ini]
[2023.11.21-07.55.41:478][  0]LogInit: Computer: LAPTOP-FTPKFAPU
[2023.11.21-07.55.41:478][  0]LogInit: User: austi
[2023.11.21-07.55.41:478][  0]LogInit: CPU Page size=4096, Cores=4
[2023.11.21-07.55.41:478][  0]LogInit: High frequency timer resolution =10.000000 MHz
[2023.11.21-07.55.41:478][  0]LogMemory: Memory total: Physical=13.9GB (14GB approx)
[2023.11.21-07.55.41:478][  0]LogMemory: Platform Memory Stats for Windows
[2023.11.21-07.55.41:478][  0]LogMemory: Process Physical Memory: 136.91 MB used, 136.91 MB peak
[2023.11.21-07.55.41:478][  0]LogMemory: Process Virtual Memory: 110.08 MB used, 110.08 MB peak
[2023.11.21-07.55.41:478][  0]LogMemory: Physical Memory: 12315.55 MB used,  1897.62 MB free, 14213.17 MB total
[2023.11.21-07.55.41:478][  0]LogMemory: Virtual Memory: 134215096.00 MB used,  2635.66 MB free, 134217728.00 MB total
[2023.11.21-07.55.41:503][  0]LogWindows: WindowsPlatformFeatures enabled
[2023.11.21-07.55.41:976][  0]LogInit: Physics initialised using underlying interface: PhysX
[2023.11.21-07.55.41:976][  0]LogInit: Using OS detected language (en-US).
[2023.11.21-07.55.41:976][  0]LogInit: Using OS detected locale (en-US).
[2023.11.21-07.55.42:004][  0]LogTextLocalizationManager: No specific localization for 'en-US' exists, so the 'en' localization will be used.
[2023.11.21-07.55.48:746][  0]LogTargetPlatformManager: Display: Loaded TargetPlatform 'AllDesktop'
[2023.11.21-07.55.48:795][  0]LogTargetPlatformManager: Display: Loaded TargetPlatform 'Android'
[2023.11.21-07.55.48:795][  0]LogTargetPlatformManager: Display: Loaded TargetPlatform 'Android_ASTC'
[2023.11.21-07.55.48:795][  0]LogTargetPlatformManager: Display: Loaded TargetPlatform 'Android_DXT'
[2023.11.21-07.55.48:795][  0]LogTargetPlatformManager: Display: Loaded TargetPlatform 'Android_ETC2'
[2023.11.21-07.55.48:795][  0]LogTargetPlatformManager: Display: Loaded TargetPlatform 'AndroidClient'
[2023.11.21-07.55.48:795][  0]LogTargetPlatformManager: Display: Loaded TargetPlatform 'Android_ASTCClient'
[2023.11.21-07.55.48:795][  0]LogTargetPlatformManager: Display: Loaded TargetPlatform 'Android_DXTClient'
[2023.11.21-07.55.48:795][  0]LogTargetPlatformManager: Display: Loaded TargetPlatform 'Android_ETC2Client'
[2023.11.21-07.55.48:795][  0]LogTargetPlatformManager: Display: Loaded TargetPlatform 'Android_Multi'
[2023.11.21-07.55.48:796][  0]LogTargetPlatformManager: Display: Loaded TargetPlatform 'Android_MultiClient'
[2023.11.21-07.55.48:859][  0]LogTargetPlatformManager: Display: Loaded TargetPlatform 'IOSClient'
[2023.11.21-07.55.48:859][  0]LogTargetPlatformManager: Display: Loaded TargetPlatform 'IOS'
[2023.11.21-07.55.48:900][  0]LogTargetPlatformManager: Display: Loaded TargetPlatform 'Linux'
[2023.11.21-07.55.48:926][  0]LogTargetPlatformManager: Display: Loaded TargetPlatform 'LinuxNoEditor'
[2023.11.21-07.55.48:935][  0]LogTargetPlatformManager: Display: Loaded TargetPlatform 'LinuxClient'
[2023.11.21-07.55.48:944][  0]LogTargetPlatformManager: Display: Loaded TargetPlatform 'LinuxServer'
[2023.11.21-07.55.48:968][  0]LogTargetPlatformManager: Display: Loaded TargetPlatform 'LinuxAArch64NoEditor'
[2023.11.21-07.55.48:986][  0]LogTargetPlatformManager: Display: Loaded TargetPlatform 'LinuxAArch64Client'
[2023.11.21-07.55.48:996][  0]LogTargetPlatformManager: Display: Loaded TargetPlatform 'LinuxAArch64Server'
[2023.11.21-07.55.49:045][  0]LogTargetPlatformManager: Display: Loaded TargetPlatform 'Lumin'
[2023.11.21-07.55.49:045][  0]LogTargetPlatformManager: Display: Loaded TargetPlatform 'LuminClient'
[2023.11.21-07.55.49:108][  0]LogTargetPlatformManager: Display: Loaded TargetPlatform 'MacNoEditor'
[2023.11.21-07.55.49:127][  0]LogTargetPlatformManager: Display: Loaded TargetPlatform 'Mac'
[2023.11.21-07.55.49:134][  0]LogTargetPlatformManager: Display: Loaded TargetPlatform 'MacClient'
[2023.11.21-07.55.49:142][  0]LogTargetPlatformManager: Display: Loaded TargetPlatform 'MacServer'
[2023.11.21-07.55.49:157][  0]LogTargetPlatformManager: Display: Loaded TargetPlatform 'TVOSClient'
[2023.11.21-07.55.49:157][  0]LogTargetPlatformManager: Display: Loaded TargetPlatform 'TVOS'
[2023.11.21-07.55.49:171][  0]LogTargetPlatformManager: Display: Loaded TargetPlatform 'WindowsNoEditor'
[2023.11.21-07.55.49:180][  0]LogTargetPlatformManager: Display: Loaded TargetPlatform 'Windows'
[2023.11.21-07.55.49:188][  0]LogTargetPlatformManager: Display: Loaded TargetPlatform 'WindowsClient'
[2023.11.21-07.55.49:228][  0]LogTargetPlatformManager: Display: Loaded TargetPlatform 'WindowsServer'
[2023.11.21-07.55.49:228][  0]LogTargetPlatformManager: Display: Building Assets For Windows
[2023.11.21-07.55.49:329][  0]LogAudioDebug: Display: Lib vorbis DLL was dynamically loaded.
[2023.11.21-07.55.49:557][  0]LogTextureFormatOodle: Display: Oodle Texture 2.9.0 init RDO Off
[2023.11.21-07.55.49:879][  0]LogRendererCore: Ray tracing is disabled. Reason: r.RayTracing=0.
[2023.11.21-07.55.49:932][  0]LogDerivedDataCache: Display: Max Cache Size: 512 MB
[2023.11.21-07.55.49:932][  0]LogDerivedDataCache: Display: Starting with empty Boot cache
[2023.11.21-07.55.49:932][  0]LogDerivedDataCache: FDerivedDataBackendGraph:  Pak pak cache file C:/Users/austi/Desktop/UnrealEngine Projects/Laser Reflect AO/UE4-Laser-Reflect-AO/LaserReflectAO/DerivedDataCache/DDC.ddp not found, will not use a pak cache.
[2023.11.21-07.55.49:932][  0]LogDerivedDataCache: Unable to find inner node Pak for hierarchical cache Hierarchy.
[2023.11.21-07.55.50:280][  0]LogDerivedDataCache: Speed tests for ../../../Engine/DerivedDataCache took 0.35 seconds
[2023.11.21-07.55.50:280][  0]LogDerivedDataCache: Display: Performance to ../../../Engine/DerivedDataCache: Latency=4.35ms. RandomReadSpeed=3.76MBs, RandomWriteSpeed=19.60MBs. Assigned SpeedClass 'Fast'
[2023.11.21-07.55.50:281][  0]LogDerivedDataCache: Using Local data cache path ../../../Engine/DerivedDataCache: Writable
[2023.11.21-07.55.50:360][  0]LogAssetRegistry: FAssetRegistry took 0.0026 seconds to start up
[2023.11.21-07.55.50:795][  0]LogInit: Selected Device Profile: [Windows]
[2023.11.21-07.55.50:795][  0]LogInit: Active device profile: [0000018210092D00][000001820F82C900 49] Windows
[2023.11.21-07.55.50:795][  0]LogInit: Profiles: [0000018210092D00][000001820F82C900 49] Windows, [0000018210031E00][000001820F830B80 49] WindowsNoEditor, [0000018210091500][000001820322AE00 49] WindowsServer, [0000018210030100][00000182032330C0 49] WindowsClient, [000001821003FF00][0000018203237380 49] IOS, [0000018210030500][000001820323B640 49] iPadAir, [000001821003C300][000001820323F900 49] iPadAir2, [000001820FFD9200][000001820E6182C0 49] IPadPro, [000001820FFD9300][000001820E602300 49] iPadAir3, [000001821003C100][000001820E6105C0 49] iPadAir4, [000001820FFD8300][000001820E60C880 49] iPadMini2, [000001821003DB00][000001820E614B40 49] iPadMini3, [000001820FFD9600][000001820322EDC0 49] iPadMini4, [000001821003FA00][000001820E623040 49] iPadMini5, [0000018210031700][000001820FB81580 49] iPhone6, [0000018210031800][000001820E62B5C0 49] iPodTouch6, [000001820FFDBF00][000001820FB89B00 49] iPhone7, [000001820FFDBB00][000001820E633B40 49] iPodTouch7, [0000018210030F00][000001820E636280 49] iPhone5S, [000001820FFD8C00][000001820E62E540 49] iPhone6Plus, [0000018210030700][000001820FB84800 49] iPhone6S, [000001820FFDB700][000001820FB8CAC0 49] iPhone6SPlus, [0000018210031300][000001820FB90D80 49] iPhone7Plus, [000001820FFDB600][000001820E627000 49] iPhoneSE, [0000018210033400][000001820FB992C0 49] iPhone8, [000001820FFD8700][000001820FB9D580 49] iPhone8Plus, [0000018210033A00][000001820FBA1840 49] iPhoneX, [000001820FFD9E00][000001820FBA5B00 49] iPhoneXS, [0000018210032100][000001820FBA8240 49] iPhoneXSMax, [000001820FFDB000][000001820FBAC500 49] iPhoneXR, [0000018210033B00][000001820FBB07C0 49] iPhone11, [000001820FFDA100][000001820FBB4A80 49] iPhone11Pro, [0000018210032600][000001820FBB8D40 49] iPhone11ProMax, [000001820FFD8100][000001820FB94FC0 49] iPhoneSE2, [0000018210032C00][000001820FBBD240 49] iPhone12Mini, [000001820FFD8B00][0000018202FF9500 49] iPhone12, [0000018210031A00][0000018202FFD7C0 49] iPhone12Pro, [000001820FFDB800][0000018203001A80 49] iPhone12ProMax, [0000018210031200][00000182030041C0 49] iPadPro105, [000001820FFD8400][0000018203008480 49] iPadPro129, [0000018210033800][000001820300C740 49] iPadPro97, [000001820FFDA600][0000018203010A00 49] iPadPro2_129, [0000018210031B00][0000018203014CC0 49] iPad5, [000001820FFD9800][0000018203018F80 49] iPad6, [0000018210033100][0000018202FF5200 49] iPad7, [000001820FFDB200][000001820301D480 49] iPad8, [0000018210032D00][0000018203025740 49] iPadPro11, [000001820FFDB100][0000018203029A00 49] iPadPro2_11, [0000018210033D00][000001820302C140 49] iPadPro3_129, [000001820FFD9100][0000018203030400 49] iPadPro4_129, [0000018210031C00][00000182030346C0 49] AppleTV, [000001820FFDA500][0000018203038980 49] AppleTV4K, [0000018210033C00][000001820303CC40 49] TVOS, [000001820FFD9F00][0000018203040F00 49] Mac, [0000018210031D00][00000182030451C0 49] MacClient, [000001820FFDAE00][0000018203021440 49] MacNoEditor, [0000018210032F00][00000182030496C0 49] MacServer, [000001820FFD9700][0000018203051980 49] Linux, [0000018210033700][00000182030540C0 49] LinuxAArch64, [000001820FFD8D00][0000018203058380 49] LinuxNoEditor, [0000018210033300][000001820305C640 49] LinuxAArch64NoEditor, [000001820FFDB500][0000018203060900 49] LinuxClient, [0000018210031400][0000018203064BC0 49] LinuxAArch64Client, [000001820FFD9B00][0000018203068E80 49] LinuxServer, [0000018210032200][000001820306D140 49] LinuxAArch64Server, [000001820FFD8200][0000018203071400 49] Android, [0000018210030A00][000001820304D680 49] Android_Low, [000001820FFDAA00][0000018210D8F900 49] Android_Mid, [0000018210033200][0000018210D97BC0 49] Android_High, [000001820FFDA200][0000018210D9A300 49] Android_Default, [000001821003C800][0000018210D9E5C0 49] Android_Adreno4xx, [0000018210090200][0000018210DA2880 49] Android_Adreno5xx_Low, [000001821003DC00][0000018210DA6B40 49] Android_Adreno5xx, [0000018210090400][0000018210DAAE00 49] Android_Adreno6xx, [000001821003D000][0000018210DAF0C0 49] Android_Adreno6xx_Vulkan, [0000018210092900][0000018210DB3380 49] Android_Mali_T6xx, [000001821003EC00][0000018210DB7640 49] Android_Mali_T7xx, [0000018210092200][0000018210D938C0 49] Android_Mali_T8xx, [000001821003C400][0000018210DBBB40 49] Android_Mali_G71, [0000018210091F00][0000018210DC2280 49] Android_Mali_G72, [000001821003E900][0000018210DC6540 49] Android_Mali_G72_Vulkan, [0000018210090600][0000018210DCA800 49] Android_Mali_G76, [000001821003D200][0000018210DCEAC0 49] Android_Mali_G76_Vulkan, [0000018210091900][0000018210DD2D80 49] Android_Mali_G77, [000001821003F800][0000018210DD7040 49] Android_Mali_G77_Vulkan, [0000018210090E00][0000018210DDB300 49] Android_Mali_G78, [000001821003EE00][0000018210DDF5C0 49] Android_Mali_G78_Vulkan, [0000018210092100][0000018210DE3880 49] Android_Mali_G710, [000001821003C900][0000018210DBFB00 49] Android_Mali_G710_Vulkan, [0000018210091400][0000018210DE6200 49] Android_Vulkan_SM5, [000001821003F700][0000018210DEE4C0 49] Android_PowerVR_G6xxx, [0000018210090F00][0000018210DF2780 49] Android_PowerVR_GT7xxx, [000001821003D100][0000018210DF6A40 49] Android_PowerVR_GE8xxx, [0000018210093100][0000018210DFAD00 49] Android_PowerVR_GM9xxx, [000001821003DA00][0000018210DFEFC0 49] Android_PowerVR_GM9xxx_Vulkan, [0000018210090500][0000018210E03280 49] Android_TegraK1, [000001820FFD8E00][0000018210E07540 49] Android_Unknown_Vulkan, [0000018210091E00][0000018210E0B800 49] Lumin, [000001820FFD9000][0000018210E0FAC0 49] Lumin_Desktop, [0000018210091600][0000018210DEA1C0 49] HoloLens, 
[2023.11.21-07.55.51:042][  0]LogMeshReduction: Using QuadricMeshReduction for automatic static mesh reduction
[2023.11.21-07.55.51:042][  0]LogMeshReduction: Using SimplygonMeshReduction for automatic skeletal mesh reduction
[2023.11.21-07.55.51:042][  0]LogMeshReduction: Using ProxyLODMeshReduction for automatic mesh merging
[2023.11.21-07.55.51:043][  0]LogMeshReduction: No distributed automatic mesh merging module available
[2023.11.21-07.55.51:043][  0]LogMeshMerging: No distributed automatic mesh merging module available
[2023.11.21-07.55.51:137][  0]LogNetVersion: LaserReflectAO 1.0.0, NetCL: 17155196, EngineNetVer: 17, GameNetVer: 0 (Checksum: 425271449)
[2023.11.21-07.55.52:917][  0]LogHMD: PokeAHoleMaterial loaded successfully
[2023.11.21-07.55.54:209][  0]LogCollectionManager: Loaded 0 collections in 0.000973 seconds
[2023.11.21-07.55.54:213][  0]LogFileCache: Scanning file cache for directory 'C:/Users/austi/Desktop/UnrealEngine Projects/Laser Reflect AO/UE4-Laser-Reflect-AO/LaserReflectAO/Saved/Collections/' took 0.00s
[2023.11.21-07.55.54:213][  0]LogFileCache: Scanning file cache for directory 'C:/Users/austi/Desktop/UnrealEngine Projects/Laser Reflect AO/UE4-Laser-Reflect-AO/LaserReflectAO/Content/Developers/austi/Collections/' took 0.00s
[2023.11.21-07.55.54:213][  0]LogCollectionManager: Fixed up redirectors for 0 collections in 0.000002 seconds (updated 0 objects)
[2023.11.21-07.55.54:564][  0]LogFileCache: Scanning file cache for directory 'C:/Users/austi/Desktop/UnrealEngine Projects/Laser Reflect AO/UE4-Laser-Reflect-AO/LaserReflectAO/Content/Collections/' took 0.00s
[2023.11.21-07.55.55:051][  0]LogPython: Using Python 3.7.7
[2023.11.21-07.55.56:970][  0]LogNiagaraDebuggerClient: Niagara Debugger Client Initialized | Session: EACB10E844A55B66B5FEF4B7E15AB524 | Instance: F71E5A69441125D5280D3996B6F2C263 (LAPTOP-FTPKFAPU-9344).
[2023.11.21-07.55.59:796][  0]SourceControl: Source control is disabled
[2023.11.21-07.55.59:796][  0]SourceControl: Source control is disabled
[2023.11.21-07.55.59:901][  0]SourceControl: Source control is disabled
[2023.11.21-07.56.00:158][  0]SourceControl: Source control is disabled
[2023.11.21-07.56.00:670][  0]LogUProjectInfo: Found projects:
[2023.11.21-07.56.00:694][  0]SourceControl: Source control is disabled
[2023.11.21-07.56.00:865][  0]LogOpenImageDenoise: OIDN starting up
[2023.11.21-07.56.01:079][  0]LogAndroidPermission: UAndroidPermissionCallbackProxy::GetInstance
[2023.11.21-07.56.01:169][  0]LogAudioCaptureCore: Display: No Audio Capture implementations found. Audio input will be silent.
[2023.11.21-07.56.01:169][  0]LogAudioCaptureCore: Display: No Audio Capture implementations found. Audio input will be silent.
[2023.11.21-07.56.03:233][  0]LogOcInput: OculusInput pre-init called
[2023.11.21-07.56.03:844][  0]LogUObjectArray: 24103 objects as part of root set at end of initial load.
[2023.11.21-07.56.03:844][  0]LogUObjectAllocator: 6849968 out of 0 bytes used by permanent object pool.
[2023.11.21-07.56.03:844][  0]LogUObjectArray: CloseDisregardForGC: 0/0 objects in disregard for GC pool
[2023.11.21-07.56.03:858][  0]LogInit: Error: VisualStudioToolsCommandlet looked like a commandlet, but we could not find the class.
[2023.11.21-07.56.03:872][  0]LogCore: Engine exit requested (reason: Failed to find commandlet class VisualStudioToolsCommandlet)
[2023.11.21-07.56.03:872][  0]LogCore: Engine exit requested (reason: EngineExit() was called; note: exit was already requested)
[2023.11.21-07.56.03:939][  0]LogExit: Preparing to exit.
[2023.11.21-07.56.04:114][  0]LogUObjectHash: Compacting FUObjectHashTables data took   1.50ms
[2023.11.21-07.56.05:165][  0]LogDemo: Cleaned up 0 splitscreen connections with owner deletion
[2023.11.21-07.56.08:163][  0]LogExit: Object subsystem successfully closed.
[2023.11.21-07.56.09:700][  0]LogModuleManager: Shutting down and abandoning module AudioSynesthesiaEditor (596)
[2023.11.21-07.56.09:700][  0]LogModuleManager: Shutting down and abandoning module OculusEditor (594)
[2023.11.21-07.56.09:723][  0]LogModuleManager: Shutting down and abandoning module OculusInput (592)
[2023.11.21-07.56.09:723][  0]LogModuleManager: Shutting down and abandoning module ContentBrowserFileDataSource (590)
[2023.11.21-07.56.09:723][  0]LogModuleManager: Shutting down and abandoning module ContentBrowserClassDataSource (588)
[2023.11.21-07.56.09:723][  0]LogModuleManager: Shutting down and abandoning module ContentBrowserAssetDataSource (586)
[2023.11.21-07.56.09:723][  0]LogModuleManager: Shutting down and abandoning module ToolMenus (585)
[2023.11.21-07.56.09:723][  0]LogModuleManager: Shutting down and abandoning module TakeSequencer (582)
[2023.11.21-07.56.09:747][  0]LogModuleManager: Shutting down and abandoning module TakeMovieScene (580)
[2023.11.21-07.56.09:747][  0]LogModuleManager: Shutting down and abandoning module ScreenshotTools (578)
[2023.11.21-07.56.09:747][  0]LogModuleManager: Shutting down and abandoning module SynthesisEditor (576)
[2023.11.21-07.56.09:747][  0]LogModuleManager: Shutting down and abandoning module Synthesis (574)
[2023.11.21-07.56.09:784][  0]LogModuleManager: Shutting down and abandoning module ProceduralMeshComponentEditor (572)
[2023.11.21-07.56.09:784][  0]LogModuleManager: Shutting down and abandoning module ProceduralMeshComponent (570)
[2023.11.21-07.56.09:784][  0]LogModuleManager: Shutting down and abandoning module OpenXREditor (568)
[2023.11.21-07.56.09:796][  0]LogModuleManager: Shutting down and abandoning module MobilePatchingUtils (566)
[2023.11.21-07.56.09:797][  0]LogModuleManager: Shutting down and abandoning module GooglePAD (564)
[2023.11.21-07.56.09:797][  0]LogModuleManager: Shutting down and abandoning module EditableMesh (562)
[2023.11.21-07.56.09:816][  0]LogModuleManager: Shutting down and abandoning module CustomMeshComponent (560)
[2023.11.21-07.56.09:816][  0]LogModuleManager: Shutting down and abandoning module CableComponent (558)
[2023.11.21-07.56.09:816][  0]LogModuleManager: Shutting down and abandoning module AudioCapture (556)
[2023.11.21-07.56.09:816][  0]LogModuleManager: Shutting down and abandoning module AudioCaptureRtAudio (555)
[2023.11.21-07.56.09:816][  0]LogModuleManager: Shutting down and abandoning module ArchVisCharacter (552)
[2023.11.21-07.56.09:816][  0]LogModuleManager: Shutting down and abandoning module AssetTags (550)
[2023.11.21-07.56.09:816][  0]LogModuleManager: Shutting down and abandoning module AppleImageUtilsBlueprintSupport (548)
[2023.11.21-07.56.09:816][  0]LogModuleManager: Shutting down and abandoning module AppleImageUtils (546)
[2023.11.21-07.56.09:816][  0]LogModuleManager: Shutting down and abandoning module AndroidPermission (544)
[2023.11.21-07.56.09:816][  0]LogModuleManager: Shutting down and abandoning module ActorLayerUtilitiesEditor (542)
[2023.11.21-07.56.09:832][  0]LogModuleManager: Shutting down and abandoning module ActorLayerUtilities (540)
[2023.11.21-07.56.09:832][  0]LogModuleManager: Shutting down and abandoning module MagicLeapSharedWorld (538)
[2023.11.21-07.56.09:832][  0]LogModuleManager: Shutting down and abandoning module TemplateSequence (536)
[2023.11.21-07.56.09:851][  0]LogModuleManager: Shutting down and abandoning module MagicLeapLightEstimation (534)
[2023.11.21-07.56.09:851][  0]LogModuleManager: Shutting down and abandoning module MagicLeapHelperVulkan (532)
[2023.11.21-07.56.09:851][  0]LogModuleManager: Shutting down and abandoning module MagicLeapHelperOpenGL (530)
[2023.11.21-07.56.09:851][  0]LogModuleManager: Shutting down and abandoning module MagicLeapAudio (528)
[2023.11.21-07.56.09:860][  0]LogModuleManager: Shutting down and abandoning module MediaCompositing (526)
[2023.11.21-07.56.09:860][  0]LogModuleManager: Shutting down and abandoning module NiagaraEditorWidgets (524)
[2023.11.21-07.56.09:910][  0]LogModuleManager: Shutting down and abandoning module OpenImageDenoise (522)
[2023.11.21-07.56.09:910][  0]LogOpenImageDenoise: OIDN shutting down
[2023.11.21-07.56.09:910][  0]LogModuleManager: Shutting down and abandoning module MotoSynthEditor (520)
[2023.11.21-07.56.09:910][  0]LogModuleManager: Shutting down and abandoning module MotoSynth (518)
[2023.11.21-07.56.09:910][  0]LogModuleManager: Shutting down and abandoning module MeshConversion (516)
[2023.11.21-07.56.09:922][  0]LogModuleManager: Shutting down and abandoning module DynamicMesh (514)
[2023.11.21-07.56.09:940][  0]LogModuleManager: Shutting down and abandoning module GeometryAlgorithms (512)
[2023.11.21-07.56.09:941][  0]LogModuleManager: Shutting down and abandoning module GeometricObjects (510)
[2023.11.21-07.56.09:964][  0]LogModuleManager: Shutting down and abandoning module VariantManagerContentEditor (508)
[2023.11.21-07.56.09:975][  0]LogModuleManager: Shutting down and abandoning module DatasmithContentEditor (506)
[2023.11.21-07.56.10:001][  0]LogModuleManager: Shutting down and abandoning module GeometryCollectionTracks (504)
[2023.11.21-07.56.10:001][  0]LogModuleManager: Shutting down and abandoning module GeometryCollectionSequencer (503)
[2023.11.21-07.56.10:001][  0]LogModuleManager: Shutting down and abandoning module GeometryCollectionEditor (500)
[2023.11.21-07.56.10:001][  0]LogModuleManager: Shutting down and abandoning module GeometryCacheTracks (498)
[2023.11.21-07.56.10:001][  0]LogModuleManager: Shutting down and abandoning module GeometryCacheStreamer (496)
[2023.11.21-07.56.10:010][  0]LogModuleManager: Shutting down and abandoning module GeometryCacheSequencer (494)
[2023.11.21-07.56.10:011][  0]LogModuleManager: Shutting down and abandoning module VisualStudioSourceCodeAccess (492)
[2023.11.21-07.56.10:011][  0]LogModuleManager: Shutting down and abandoning module SubversionSourceControl (490)
[2023.11.21-07.56.10:055][  0]LogModuleManager: Shutting down and abandoning module VisualStudioCodeSourceCodeAccess (488)
[2023.11.21-07.56.10:055][  0]LogModuleManager: Shutting down and abandoning module ChaosSolverEditor (486)
[2023.11.21-07.56.10:055][  0]LogModuleManager: Shutting down and abandoning module ChaosClothEditor (484)
[2023.11.21-07.56.10:071][  0]LogModuleManager: Shutting down and abandoning module ChaosNiagara (482)
[2023.11.21-07.56.10:087][  0]LogModuleManager: Shutting down and abandoning module FractureEditor (480)
[2023.11.21-07.56.10:109][  0]LogModuleManager: Shutting down and abandoning module FieldSystemEngine (479)
[2023.11.21-07.56.10:109][  0]LogModuleManager: Shutting down and abandoning module UObjectPlugin (476)
[2023.11.21-07.56.10:109][  0]LogModuleManager: Shutting down and abandoning module AutomationUtilsEditor (474)
[2023.11.21-07.56.10:109][  0]LogModuleManager: Shutting down and abandoning module AutomationUtils (472)
[2023.11.21-07.56.10:109][  0]LogModuleManager: Shutting down and abandoning module PluginUtils (470)
[2023.11.21-07.56.10:117][  0]LogModuleManager: Shutting down and abandoning module PlasticSourceControl (468)
[2023.11.21-07.56.10:118][  0]LogModuleManager: Shutting down and abandoning module AlembicImporter (466)
[2023.11.21-07.56.10:118][  0]LogModuleManager: Shutting down and abandoning module AlembicLibrary (465)
[2023.11.21-07.56.10:118][  0]LogModuleManager: Shutting down and abandoning module GeometryCache (464)
[2023.11.21-07.56.10:118][  0]LogModuleManager: Shutting down and abandoning module GeometryCacheEd (463)
[2023.11.21-07.56.10:118][  0]LogModuleManager: Shutting down and abandoning module PerforceSourceControl (458)
[2023.11.21-07.56.10:158][  0]LogModuleManager: Shutting down and abandoning module GitSourceControl (456)
[2023.11.21-07.56.10:176][  0]LogModuleManager: Shutting down and abandoning module SourceControl (455)
[2023.11.21-07.56.10:176][  0]LogModuleManager: Shutting down and abandoning module SpeedTreeImporter (452)
[2023.11.21-07.56.10:177][  0]LogModuleManager: Shutting down and abandoning module CLionSourceCodeAccess (450)
[2023.11.21-07.56.10:177][  0]LogModuleManager: Shutting down and abandoning module PluginBrowser (448)
[2023.11.21-07.56.10:198][  0]LogModuleManager: Shutting down and abandoning module AnimationSharingEd (446)
[2023.11.21-07.56.10:198][  0]LogModuleManager: Shutting down and abandoning module MobileLauncherProfileWizard (444)
[2023.11.21-07.56.10:211][  0]LogModuleManager: Shutting down and abandoning module MaterialAnalyzer (442)
[2023.11.21-07.56.10:223][  0]LogModuleManager: Shutting down and abandoning module CurveEditorTools (440)
[2023.11.21-07.56.10:256][  0]LogModuleManager: Shutting down and abandoning module CryptoKeysOpenSSL (438)
[2023.11.21-07.56.10:256][  0]LogModuleManager: Shutting down and abandoning module CryptoKeys (436)
[2023.11.21-07.56.10:256][  0]LogModuleManager: Shutting down and abandoning module OodleNetworkHandlerComponent (434)
[2023.11.21-07.56.10:256][  0]LogModuleManager: Shutting down and abandoning module LightPropagationVolumeEditor (432)
[2023.11.21-07.56.10:256][  0]LogModuleManager: Shutting down and abandoning module LiveLinkSequencer (430)
[2023.11.21-07.56.10:256][  0]LogModuleManager: Shutting down and abandoning module LiveLinkMovieScene (428)
[2023.11.21-07.56.10:256][  0]LogModuleManager: Shutting down and abandoning module LiveLinkGraphNode (426)
[2023.11.21-07.56.10:256][  0]LogModuleManager: Shutting down and abandoning module LiveLinkEditor (424)
[2023.11.21-07.56.10:265][  0]LogModuleManager: Shutting down and abandoning module LiveLinkComponents (422)
[2023.11.21-07.56.10:265][  0]LogModuleManager: Shutting down and abandoning module LiveLink (420)
[2023.11.21-07.56.10:824][  0]LogModuleManager: Shutting down and abandoning module PaperTiledImporter (418)
[2023.11.21-07.56.10:824][  0]LogModuleManager: Shutting down and abandoning module PaperSpriteSheetImporter (416)
[2023.11.21-07.56.10:857][  0]LogModuleManager: Shutting down and abandoning module Paper2DEditor (414)
[2023.11.21-07.56.10:876][  0]LogModuleManager: Shutting down and abandoning module MeshPaintingToolset (412)
[2023.11.21-07.56.10:876][  0]LogModuleManager: Shutting down and abandoning module MeshPaintEditorMode (410)
[2023.11.21-07.56.10:887][  0]LogModuleManager: Shutting down and abandoning module LaserReflectAO (408)
[2023.11.21-07.56.10:887][  0]LogModuleManager: Shutting down and abandoning module AnimGraph (407)
[2023.11.21-07.56.10:901][  0]LogModuleManager: Shutting down and abandoning module SoundFields (404)
[2023.11.21-07.56.10:901][  0]LogModuleManager: Shutting down and abandoning module SignificanceManager (402)
[2023.11.21-07.56.10:901][  0]LogModuleManager: Shutting down and abandoning module RuntimePhysXCooking (400)
[2023.11.21-07.56.10:903][  0]LogModuleManager: Shutting down and abandoning module PropertyAccessEditor (398)
[2023.11.21-07.56.10:917][  0]LogModuleManager: Shutting down and abandoning module PhysXVehiclesEditor (396)
[2023.11.21-07.56.10:917][  0]LogModuleManager: Shutting down and abandoning module LocationServicesBPLibrary (392)
[2023.11.21-07.56.10:917][  0]LogModuleManager: Shutting down and abandoning module AudioSynesthesia (390)
[2023.11.21-07.56.10:933][  0]LogModuleManager: Shutting down and abandoning module AudioSynesthesiaCore (388)
[2023.11.21-07.56.10:933][  0]LogModuleManager: Shutting down and abandoning module MagicLeapARPin (386)
[2023.11.21-07.56.10:933][  0]LogModuleManager: Shutting down and abandoning module ActorSequence (384)
[2023.11.21-07.56.10:933][  0]LogModuleManager: Shutting down and abandoning module MagicLeapHandMeshing (382)
[2023.11.21-07.56.10:934][  0]LogModuleManager: Shutting down and abandoning module MagicLeapSecureStorage (380)
[2023.11.21-07.56.10:934][  0]LogModuleManager: Shutting down and abandoning module MagicLeapPrivileges (378)
[2023.11.21-07.56.10:934][  0]LogModuleManager: Shutting down and abandoning module MagicLeapPlanes (376)
[2023.11.21-07.56.10:972][  0]LogMagicLeapPlanes: Planes tracker already destroyed.
[2023.11.21-07.56.10:972][  0]LogModuleManager: Shutting down and abandoning module MagicLeapImageTracker (374)
[2023.11.21-07.56.10:972][  0]LogModuleManager: Shutting down and abandoning module MagicLeapIdentity (372)
[2023.11.21-07.56.10:972][  0]LogModuleManager: Shutting down and abandoning module MagicLeapHandTracking (370)
[2023.11.21-07.56.10:973][  0]LogModuleManager: Shutting down and abandoning module MagicLeapEyeTracker (368)
[2023.11.21-07.56.10:973][  0]LogModuleManager: Shutting down and abandoning module MagicLeapController (366)
[2023.11.21-07.56.10:973][  0]LogModuleManager: Shutting down and abandoning module MagicLeapARPinImpl (364)
[2023.11.21-07.56.10:973][  0]LogModuleManager: Shutting down and abandoning module MagicLeapAR (362)
[2023.11.21-07.56.10:973][  0]LogModuleManager: Shutting down and abandoning module UdpMessaging (360)
[2023.11.21-07.56.10:973][  0]LogModuleManager: Shutting down and abandoning module TcpMessaging (358)
[2023.11.21-07.56.10:989][  0]LogModuleManager: Shutting down and abandoning module NiagaraAnimNotifies (356)
[2023.11.21-07.56.10:989][  0]LogModuleManager: Shutting down and abandoning module Niagara (354)
[2023.11.21-07.56.11:009][  0]LogModuleManager: Shutting down and abandoning module SignalProcessing (353)
[2023.11.21-07.56.11:010][  0]LogModuleManager: Shutting down and abandoning module NiagaraEditor (351)
[2023.11.21-07.56.11:046][  0]LogModuleManager: Shutting down and abandoning module NiagaraCore (348)
[2023.11.21-07.56.11:046][  0]LogModuleManager: Shutting down and abandoning module PythonScriptPlugin (346)
[2023.11.21-07.56.11:046][  0]LogModuleManager: Shutting down and abandoning module PropertyAccessNode (344)
[2023.11.21-07.56.11:056][  0]LogModuleManager: Shutting down and abandoning module AnimationSharing (342)
[2023.11.21-07.56.11:056][  0]LogModuleManager: Shutting down and abandoning module GameplayTagsEditor (340)
[2023.11.21-07.56.11:071][  0]LogModuleManager: Shutting down and abandoning module FacialAnimationEditor (338)
[2023.11.21-07.56.11:071][  0]LogModuleManager: Shutting down and abandoning module FacialAnimation (336)
[2023.11.21-07.56.11:071][  0]LogModuleManager: Shutting down and abandoning module DataValidation (334)
[2023.11.21-07.56.11:071][  0]LogModuleManager: Shutting down and abandoning module AssetManagerEditor (332)
[2023.11.21-07.56.11:083][  0]LogModuleManager: Shutting down and abandoning module TreeMap (331)
[2023.11.21-07.56.11:099][  0]LogModuleManager: Shutting down and abandoning module GameplayCameras (328)
[2023.11.21-07.56.11:099][  0]LogModuleManager: Shutting down and abandoning module LightPropagationVolumeRuntime (326)
[2023.11.21-07.56.11:099][  0]LogModuleManager: Shutting down and abandoning module EnvironmentQueryEditor (324)
[2023.11.21-07.56.11:116][  0]LogModuleManager: Shutting down and abandoning module Paper2D (322)
[2023.11.21-07.56.11:130][  0]LogModuleManager: Shutting down and abandoning module NetworkReplayStreaming (320)
[2023.11.21-07.56.11:130][  0]LogModuleManager: Shutting down and abandoning module PacketHandler (318)
[2023.11.21-07.56.11:130][  0]LogModuleManager: Shutting down and abandoning module ClothingSystemEditor (316)
[2023.11.21-07.56.11:130][  0]LogModuleManager: Shutting down and abandoning module ClothingSystemRuntimeNv (314)
[2023.11.21-07.56.11:144][  0]LogModuleManager: Shutting down and abandoning module MediaAssets (312)
[2023.11.21-07.56.11:144][  0]LogModuleManager: Shutting down and abandoning module Overlay (310)
[2023.11.21-07.56.11:144][  0]LogModuleManager: Shutting down and abandoning module OverlayEditor (309)
[2023.11.21-07.56.11:144][  0]LogModuleManager: Shutting down and abandoning module Blutility (306)
[2023.11.21-07.56.11:157][  0]LogModuleManager: Shutting down and abandoning module LevelEditor (305)
[2023.11.21-07.56.11:213][  0]LogModuleManager: Shutting down and abandoning module PixelInspectorModule (304)
[2023.11.21-07.56.11:226][  0]LogModuleManager: Shutting down and abandoning module CommonMenuExtensions (302)
[2023.11.21-07.56.11:226][  0]LogModuleManager: Shutting down and abandoning module MainFrame (300)
[2023.11.21-07.56.11:263][  0]LogModuleManager: Shutting down and abandoning module HotReload (299)
[2023.11.21-07.56.11:278][  0]LogModuleManager: Shutting down and abandoning module ContentBrowser (295)
[2023.11.21-07.56.11:296][  0]LogModuleManager: Shutting down and abandoning module CollectionManager (294)
[2023.11.21-07.56.11:314][  0]LogModuleManager: Shutting down and abandoning module ContentBrowserData (292)
[2023.11.21-07.56.11:314][  0]LogModuleManager: Shutting down and abandoning module IntroTutorials (288)
[2023.11.21-07.56.11:314][  0]LogModuleManager: Shutting down and abandoning module VREditor (286)
[2023.11.21-07.56.11:328][  0]LogModuleManager: Shutting down and abandoning module StringTableEditor (284)
[2023.11.21-07.56.11:347][  0]LogModuleManager: Shutting down and abandoning module GameplayTasksEditor (282)
[2023.11.21-07.56.11:364][  0]LogModuleManager: Shutting down and abandoning module BehaviorTreeEditor (280)
[2023.11.21-07.56.11:388][  0]LogModuleManager: Shutting down and abandoning module FunctionalTesting (278)
[2023.11.21-07.56.11:398][  0]LogModuleManager: Shutting down and abandoning module CollisionAnalyzer (276)
[2023.11.21-07.56.11:431][  0]LogModuleManager: Shutting down and abandoning module WorkspaceMenuStructure (275)
[2023.11.21-07.56.11:431][  0]LogModuleManager: Shutting down and abandoning module UMG (272)
[2023.11.21-07.56.11:449][  0]LogModuleManager: Shutting down and abandoning module UMGEditor (271)
[2023.11.21-07.56.11:491][  0]LogModuleManager: Shutting down and abandoning module MessageLog (269)
[2023.11.21-07.56.11:491][  0]LogModuleManager: Shutting down and abandoning module SlateReflector (264)
[2023.11.21-07.56.11:547][  0]LogModuleManager: Shutting down and abandoning module Slate (262)
[2023.11.21-07.56.11:560][  0]LogModuleManager: Shutting down and abandoning module SlateCore (260)
[2023.11.21-07.56.11:561][  0]LogModuleManager: Shutting down and abandoning module LandscapeEditorUtilities (258)
[2023.11.21-07.56.11:561][  0]LogModuleManager: Shutting down and abandoning module UnrealEd (256)
[2023.11.21-07.56.11:574][  0]LogModuleManager: Shutting down and abandoning module MRMesh (254)
[2023.11.21-07.56.11:574][  0]LogModuleManager: Shutting down and abandoning module SourceCodeAccess (252)
[2023.11.21-07.56.11:574][  0]LogModuleManager: Shutting down and abandoning module HeadMountedDisplay (250)
[2023.11.21-07.56.11:574][  0]LogModuleManager: Shutting down and abandoning module XAudio2 (248)
[2023.11.21-07.56.11:588][  0]LogModuleManager: Shutting down and abandoning module Networking (246)
[2023.11.21-07.56.11:588][  0]LogModuleManager: Shutting down and abandoning module Core (244)
[2023.11.21-07.56.11:588][  0]LogModuleManager: Shutting down and abandoning module MaterialEditor (242)
[2023.11.21-07.56.11:613][  0]LogModuleManager: Shutting down and abandoning module Settings (241)
[2023.11.21-07.56.11:613][  0]LogModuleManager: Shutting down and abandoning module MovieSceneTools (238)
[2023.11.21-07.56.11:649][  0]LogModuleManager: Shutting down and abandoning module CurveEditor (237)
[2023.11.21-07.56.11:673][  0]LogModuleManager: Shutting down and abandoning module Sequencer (235)
[2023.11.21-07.56.11:711][  0]LogModuleManager: Shutting down and abandoning module EditorStyle (234)
[2023.11.21-07.56.11:713][  0]LogModuleManager: Shutting down and abandoning module KismetCompiler (230)
[2023.11.21-07.56.11:713][  0]LogModuleManager: Shutting down and abandoning module MeshBuilder (228)
[2023.11.21-07.56.11:727][  0]LogModuleManager: Shutting down and abandoning module MeshUtilities (226)
[2023.11.21-07.56.11:760][  0]LogModuleManager: Shutting down and abandoning module MeshMergeUtilities (225)
[2023.11.21-07.56.11:770][  0]LogModuleManager: Shutting down and abandoning module MeshReductionInterface (224)
[2023.11.21-07.56.11:770][  0]LogModuleManager: Shutting down and abandoning module MeshBoneReduction (223)
[2023.11.21-07.56.11:770][  0]LogModuleManager: Shutting down and abandoning module SkeletalMeshReduction (221)
[2023.11.21-07.56.11:785][  0]LogModuleManager: Shutting down and abandoning module ProxyLODMeshReduction (219)
[2023.11.21-07.56.11:798][  0]LogModuleManager: Shutting down and abandoning module QuadricMeshReduction (217)
[2023.11.21-07.56.11:809][  0]LogModuleManager: Shutting down and abandoning module MaterialBaking (213)
[2023.11.21-07.56.11:826][  0]LogModuleManager: Shutting down and abandoning module DirectoryWatcher (209)
[2023.11.21-07.56.11:826][  0]LogModuleManager: Shutting down and abandoning module NullInstallBundleManager (206)
[2023.11.21-07.56.11:826][  0]LogModuleManager: Shutting down and abandoning module DerivedDataCache (204)
[2023.11.21-07.56.11:836][  0]LogModuleManager: Shutting down and abandoning module TargetPlatform (202)
[2023.11.21-07.56.11:844][  0]LogModuleManager: Shutting down and abandoning module VulkanShaderFormat (201)
[2023.11.21-07.56.11:884][  0]LogModuleManager: Shutting down and abandoning module ShaderFormatVectorVM (199)
[2023.11.21-07.56.11:890][  0]LogModuleManager: Shutting down and abandoning module ShaderFormatOpenGL (197)
[2023.11.21-07.56.11:903][  0]LogModuleManager: Shutting down and abandoning module ShaderFormatD3D (195)
[2023.11.21-07.56.11:909][  0]LogModuleManager: Shutting down and abandoning module MetalShaderFormat (193)
[2023.11.21-07.56.11:920][  0]LogModuleManager: Shutting down and abandoning module TextureFormatOodle (191)
[2023.11.21-07.56.11:933][  0]LogModuleManager: Shutting down and abandoning module TextureFormatUncompressed (189)
[2023.11.21-07.56.11:933][  0]LogModuleManager: Shutting down and abandoning module TextureFormatPVR (187)
[2023.11.21-07.56.11:933][  0]LogModuleManager: Shutting down and abandoning module TextureFormatETC2 (185)
[2023.11.21-07.56.11:933][  0]LogModuleManager: Shutting down and abandoning module TextureFormatDXT (183)
[2023.11.21-07.56.11:949][  0]LogModuleManager: Shutting down and abandoning module TextureFormatIntelISPCTexComp (181)
[2023.11.21-07.56.11:951][  0]LogModuleManager: Shutting down and abandoning module TextureFormatASTC (179)
[2023.11.21-07.56.11:951][  0]LogModuleManager: Shutting down and abandoning module ImageWrapper (178)
[2023.11.21-07.56.11:951][  0]LogModuleManager: Shutting down and abandoning module AudioFormatOpus (175)
[2023.11.21-07.56.11:951][  0]LogModuleManager: Shutting down and abandoning module AudioFormatOgg (173)
[2023.11.21-07.56.11:951][  0]LogModuleManager: Shutting down and abandoning module AudioFormatADPCM (171)
[2023.11.21-07.56.11:953][  0]LogModuleManager: Shutting down and abandoning module WindowsServerTargetPlatform (169)
[2023.11.21-07.56.11:953][  0]LogModuleManager: Shutting down and abandoning module WindowsClientTargetPlatform (167)
[2023.11.21-07.56.11:953][  0]LogModuleManager: Shutting down and abandoning module WindowsTargetPlatform (165)
[2023.11.21-07.56.11:953][  0]LogModuleManager: Shutting down and abandoning module WindowsNoEditorTargetPlatform (163)
[2023.11.21-07.56.11:953][  0]LogModuleManager: Shutting down and abandoning module TVOSTargetPlatform (161)
[2023.11.21-07.56.11:954][  0]LogModuleManager: Shutting down and abandoning module MacServerTargetPlatform (159)
[2023.11.21-07.56.11:954][  0]LogModuleManager: Shutting down and abandoning module MacClientTargetPlatform (157)
[2023.11.21-07.56.11:954][  0]LogModuleManager: Shutting down and abandoning module MacTargetPlatform (155)
[2023.11.21-07.56.11:954][  0]LogModuleManager: Shutting down and abandoning module MacNoEditorTargetPlatform (153)
[2023.11.21-07.56.11:954][  0]LogModuleManager: Shutting down and abandoning module LuminTargetPlatform (151)
[2023.11.21-07.56.11:955][  0]LogModuleManager: Shutting down and abandoning module LinuxAArch64ServerTargetPlatform (149)
[2023.11.21-07.56.11:955][  0]LogModuleManager: Shutting down and abandoning module LinuxAArch64ClientTargetPlatform (147)
[2023.11.21-07.56.11:955][  0]LogModuleManager: Shutting down and abandoning module LinuxAArch64NoEditorTargetPlatform (145)
[2023.11.21-07.56.11:955][  0]LogModuleManager: Shutting down and abandoning module LinuxServerTargetPlatform (143)
[2023.11.21-07.56.11:955][  0]LogModuleManager: Shutting down and abandoning module LinuxClientTargetPlatform (141)
[2023.11.21-07.56.11:955][  0]LogModuleManager: Shutting down and abandoning module LinuxNoEditorTargetPlatform (139)
[2023.11.21-07.56.11:955][  0]LogModuleManager: Shutting down and abandoning module LinuxTargetPlatform (137)
[2023.11.21-07.56.11:955][  0]LogModuleManager: Shutting down and abandoning module Messaging (135)
[2023.11.21-07.56.11:956][  0]LogModuleManager: Shutting down and abandoning module IOSTargetPlatform (133)
[2023.11.21-07.56.11:957][  0]LogModuleManager: Shutting down and abandoning module AndroidTargetPlatform (131)
[2023.11.21-07.56.11:960][  0]LogModuleManager: Shutting down and abandoning module AllDesktopTargetPlatform (129)
[2023.11.21-07.56.11:960][  0]LogModuleManager: Shutting down and abandoning module NullDrv (126)
[2023.11.21-07.56.11:960][  0]LogModuleManager: Shutting down and abandoning module PhysXCooking (124)
[2023.11.21-07.56.11:960][  0]LogModuleManager: Shutting down and abandoning module Chaos (122)
[2023.11.21-07.56.11:978][  0]LogModuleManager: Shutting down and abandoning module WindowsPlatformFeatures (120)
[2023.11.21-07.56.11:994][  0]LogModuleManager: Shutting down and abandoning module GameplayMediaEncoder (119)
[2023.11.21-07.56.12:004][  0]LogModuleManager: Shutting down and abandoning module AVEncoder (118)
[2023.11.21-07.56.12:017][  0]LogModuleManager: Shutting down and abandoning module ExampleDeviceProfileSelector (114)
[2023.11.21-07.56.12:017][  0]LogModuleManager: Shutting down and abandoning module SteamVRInputDevice (112)
[2023.11.21-07.56.12:017][  0]LogModuleManager: Shutting down and abandoning module SteamVRInput (110)
[2023.11.21-07.56.12:017][  0]LogModuleManager: Shutting down and abandoning module SteamVR (108)
[2023.11.21-07.56.12:028][  0]LogHMD: Freeing OpenVRDLLHandle.
[2023.11.21-07.56.12:028][  0]LogModuleManager: Shutting down and abandoning module OculusHMD (106)
[2023.11.21-07.56.12:042][  0]LogModuleManager: Shutting down and abandoning module OpenXREyeTracker (104)
[2023.11.21-07.56.12:042][  0]LogModuleManager: Shutting down and abandoning module OpenXRHandTracking (102)
[2023.11.21-07.56.12:042][  0]LogModuleManager: Shutting down and abandoning module OpenXRAR (100)
[2023.11.21-07.56.12:061][  0]LogModuleManager: Shutting down and abandoning module AugmentedReality (99)
[2023.11.21-07.56.12:061][  0]LogModuleManager: Shutting down and abandoning module OpenXRHMD (96)
[2023.11.21-07.56.12:073][  0]LogModuleManager: Shutting down and abandoning module ChunkDownloader (94)
[2023.11.21-07.56.12:094][  0]LogModuleManager: Shutting down and abandoning module OnlineBlueprintSupport (92)
[2023.11.21-07.56.12:094][  0]LogModuleManager: Shutting down and abandoning module OnlineSubsystem (88)
[2023.11.21-07.56.12:109][  0]LogModuleManager: Shutting down and abandoning module XMPP (83)
[2023.11.21-07.56.12:137][  0]LogModuleManager: Shutting down and abandoning module WebSockets (82)
[2023.11.21-07.56.12:233][  0]LogModuleManager: Shutting down and abandoning module HTTP (79)
[2023.11.21-07.56.12:233][  0]LogHttp: Display: cleaning up 0 outstanding Http requests.
[2023.11.21-07.56.12:243][  0]LogModuleManager: Shutting down and abandoning module SSL (78)
[2023.11.21-07.56.12:243][  0]LogModuleManager: Shutting down and abandoning module LauncherChunkInstaller (74)
[2023.11.21-07.56.12:243][  0]LogModuleManager: Shutting down and abandoning module MLSDK (72)
[2023.11.21-07.56.12:243][  0]LogModuleManager: Shutting down and abandoning module MagicLeap (70)
[2023.11.21-07.56.12:243][  0]LogModuleManager: Shutting down and abandoning module WmfMedia (68)
[2023.11.21-07.56.12:272][  0]LogModuleManager: Shutting down and abandoning module Media (67)
[2023.11.21-07.56.12:273][  0]LogModuleManager: Shutting down and abandoning module MediaInfo (66)
[2023.11.21-07.56.12:273][  0]LogModuleManager: Shutting down and abandoning module ExrReaderGpu (62)
[2023.11.21-07.56.12:283][  0]LogModuleManager: Shutting down and abandoning module NiagaraVertexFactories (60)
[2023.11.21-07.56.12:283][  0]LogModuleManager: Shutting down and abandoning module NiagaraShader (58)
[2023.11.21-07.56.12:283][  0]LogModuleManager: Shutting down and abandoning module VariantManagerContent (56)
[2023.11.21-07.56.12:283][  0]LogModuleManager: Shutting down and abandoning module DatasmithContent (54)
[2023.11.21-07.56.12:284][  0]LogModuleManager: Shutting down and abandoning module ChaosCloth (52)
[2023.11.21-07.56.12:296][  0]LogModuleManager: Shutting down and abandoning module PixWinPlugin (50)
[2023.11.21-07.56.12:308][  0]LogModuleManager: Shutting down and abandoning module AISupportModule (48)
[2023.11.21-07.56.12:308][  0]LogModuleManager: Shutting down and abandoning module PythonScriptPluginPreload (46)
[2023.11.21-07.56.12:309][  0]LogModuleManager: Shutting down and abandoning module PlatformCryptoOpenSSL (44)
[2023.11.21-07.56.12:325][  0]LogModuleManager: Shutting down and abandoning module PlatformCryptoTypes (42)
[2023.11.21-07.56.12:326][  0]LogModuleManager: Shutting down and abandoning module PlatformCrypto (40)
[2023.11.21-07.56.12:326][  0]LogModuleManager: Shutting down and abandoning module OodleDataCompressionFormat (38)
[2023.11.21-07.56.12:337][  0]LogModuleManager: Shutting down and abandoning module XGEController (36)
[2023.11.21-07.56.12:338][  0]LogXGEController: Cannot use XGE Controller as Incredibuild is not installed on this machine.
[2023.11.21-07.56.12:352][  0]LogModuleManager: Shutting down and abandoning module AnimationModifiers (34)
[2023.11.21-07.56.12:361][  0]LogModuleManager: Shutting down and abandoning module AudioEditor (32)
[2023.11.21-07.56.12:381][  0]LogModuleManager: Shutting down and abandoning module PropertyEditor (31)
[2023.11.21-07.56.12:401][  0]LogModuleManager: Shutting down and abandoning module TextureCompressor (28)
[2023.11.21-07.56.12:401][  0]LogModuleManager: Shutting down and abandoning module RenderCore (26)
[2023.11.21-07.56.12:401][  0]LogModuleManager: Shutting down and abandoning module Landscape (24)
[2023.11.21-07.56.12:401][  0]LogModuleManager: Shutting down and abandoning module SlateRHIRenderer (22)
[2023.11.21-07.56.12:401][  0]LogModuleManager: Shutting down and abandoning module AnimGraphRuntime (20)
[2023.11.21-07.56.12:430][  0]LogModuleManager: Shutting down and abandoning module Renderer (18)
[2023.11.21-07.56.12:437][  0]LogModuleManager: Shutting down and abandoning module Engine (16)
[2023.11.21-07.56.12:437][  0]LogModuleManager: Shutting down and abandoning module CoreUObject (14)
[2023.11.21-07.56.12:437][  0]LogModuleManager: Shutting down and abandoning module NetworkFile (12)
[2023.11.21-07.56.12:456][  0]LogModuleManager: Shutting down and abandoning module CookedIterativeFile (10)
[2023.11.21-07.56.12:456][  0]LogModuleManager: Shutting down and abandoning module StreamingFile (8)
[2023.11.21-07.56.12:466][  0]LogModuleManager: Shutting down and abandoning module SandboxFile (6)
[2023.11.21-07.56.12:479][  0]LogModuleManager: Shutting down and abandoning module PakFile (4)
[2023.11.21-07.56.12:479][  0]LogModuleManager: Shutting down and abandoning module RSA (3)
[2023.11.21-07.56.12:720][  0]LogContentStreaming: Display: There are 1 unreleased StreamingManagers
[2023.11.21-07.56.12:754][  0]LogExit: Exiting.
[2023.11.21-07.56.12:788][  0]Log file closed, 11/21/23 01:56:12
